[11/07/2016 04:10:10] superadmin logged in
[11/07/2016 04:35:43] superadmin logged in
[11/07/2016 04:44:22] superadmin logged in
[11/07/2016 05:32:28] superadmin logged in
[11/07/2016 05:33:12] superadmin logged in
[11/07/2016 05:34:27] superadmin logged in
[11/07/2016 05:48:02] superadmin logged in
[11/07/2016 05:51:01] superadmin logged in
[11/07/2016 05:54:10] superadmin logged in
[11/08/2016 17:06:43] superadmin logged in
[11/09/2016 00:50:36] smartwater logged in
[11/09/2016 05:36:24] superadmin logged in
[11/09/2016 06:00:26] superadmin logged in
[11/09/2016 06:01:08] superadmin logged in
[11/09/2016 06:16:38] obama logged in
[11/09/2016 06:19:35] obama logged in
[11/09/2016 06:50:16] superadmin logged in
[11/09/2016 07:05:21] superadmin logged in
[11/09/2016 07:08:30] obama1 logged in
[11/09/2016 07:27:13] superadmin logged in
[11/09/2016 07:27:50] obama1 logged in
[11/09/2016 07:28:36] dootprez logged in
[11/09/2016 14:06:51] StatesideCash logged in
[11/09/2016 14:13:46] hihihi logged in
[11/09/2016 10:36:13] superadmin logged in
[11/09/2016 11:04:34] Harambae's spirit logged in
[11/09/2016 11:12:21] cybersec logged in
[11/09/2016 11:47:27] ptnega logged in
[11/09/2016 13:36:28] brianSchanbacher logged in
[11/09/2016 13:40:42] Siberiax logged in
[11/09/2016 13:42:02] brianSchanbacher logged in
[11/09/2016 13:52:02] ppj4900 logged in
[11/09/2016 13:57:23] randomdeduction logged in
[11/09/2016 14:04:51] doshmajhan logged in
[11/09/2016 14:16:10] y0ungTrunk logged in
[11/09/2016 17:22:06] ppj4900 logged in
[11/09/2016 18:48:49] superadmin logged in
[11/09/2016 18:51:35] Issa logged in
[11/09/2016 19:00:08] ppj4900 logged in
[11/09/2016 19:09:11] wumb0 logged in
[11/09/2016 21:02:00] |L0n3_1| logged in
[11/09/2016 21:02:08] |L0n3_1| logged in
[11/09/2016 21:02:26] |L0n3_1| logged in
[11/09/2016 21:09:37] Issa logged in
[11/09/2016 22:17:42] #w1N logged in
[11/10/2016 05:00:41] anaconda logged in
[11/10/2016 06:40:12] shuhacksoc logged in
[11/10/2016 09:58:55] cybersec logged in
[11/10/2016 11:05:52] Une_Will logged in
[11/10/2016 12:42:36] #w1N logged in
[11/10/2016 20:22:35] yangsan logged in
[11/10/2016 21:00:35] shamanqueen logged in
[11/10/2016 21:08:58] superadmin logged in
[11/10/2016 22:05:09] Aviato logged in
[11/10/2016 22:05:34] SoyaProphet logged in
[11/10/2016 22:16:24] shamanqueen logged in
[11/10/2016 22:17:45] shamanqueen logged in
[11/10/2016 22:18:10] shamanqueen logged in
[11/10/2016 23:32:10] tnrglantz logged in
[11/11/2016 00:57:21] HydraSec logged in
[11/11/2016 10:16:21] Trial2 logged in
[11/11/2016 12:01:31] nxb2253 logged in
[11/11/2016 12:14:07] CSEXYANDIKNOWIT logged in
[11/11/2016 12:18:48] mjr2563 logged in
[11/11/2016 12:19:18] mjr2563 logged in
[11/11/2016 12:40:55] _TMIH_ logged in
[11/11/2016 12:44:07] _TMIH_ logged in
[11/11/2016 14:02:11] mjr2563 logged in
[11/11/2016 14:02:12] nxb2253 logged in
[11/11/2016 15:08:33] fxw4736 logged in
[11/11/2016 16:53:58] nxb2253 logged in
[11/11/2016 17:33:11] shuhacksoc logged in
[11/12/2016 02:27:59] tnrglantz logged in
[11/12/2016 05:15:18] wireglitch logged in
[11/12/2016 09:06:48] tnrglantz logged in
[11/12/2016 12:29:42] Aurora logged in
[11/12/2016 13:35:54] Pinewood logged in
[11/12/2016 14:14:20] tnrglantz logged in
[11/12/2016 17:04:35] nxb2253 logged in
[11/12/2016 18:05:39] fxw4736 logged in
[11/12/2016 19:07:39] ptnega logged in
[11/12/2016 21:14:30] superadmin logged in
[11/13/2016 06:19:20] tummiecookie logged in
[11/13/2016 09:13:16] Pinewood logged in
[11/13/2016 09:49:46] Pinewood logged in
[11/13/2016 13:18:21] matishadow logged in
[11/13/2016 14:38:28] z3 logged in
[11/13/2016 16:56:03] Pinewood logged in
[11/13/2016 17:04:42] jbz logged in
[11/13/2016 17:35:01] superadmin logged in
[11/13/2016 18:53:12] BBHHS logged in
[11/13/2016 18:53:41] nxb2253 logged in
[11/13/2016 19:17:28] mjr2563 logged in
[11/13/2016 22:56:57] Beowulf logged in
[11/14/2016 01:25:04] bykva logged in
[11/14/2016 01:25:40] bykva logged in
[11/14/2016 01:30:59] IPFactory logged in
[11/14/2016 03:56:39] ilyarik logged in
[11/14/2016 07:38:12] watermelon logged in
[11/14/2016 08:19:37] SHARK logged in
[11/14/2016 08:48:47] anorak logged in
[11/14/2016 10:04:19] hacknodap logged in
[11/14/2016 10:04:33] slimschadey logged in
[11/14/2016 10:28:30] SecurityFirst logged in
[11/14/2016 10:30:18] Viviturtle logged in
[11/14/2016 11:12:49] acdwas logged in
[11/14/2016 11:26:40] Nyaninja logged in
[11/14/2016 11:29:07] Nyaninja logged in
[11/14/2016 12:27:27] dotSlash logged in
[11/14/2016 12:29:13] AlexanderTheGreat logged in
[11/14/2016 12:36:35] luxeria logged in
[11/14/2016 13:24:19] FluxFingers logged in
[11/14/2016 14:25:09] l00t3d logged in
[11/14/2016 16:13:13] combo logged in
[11/14/2016 16:19:09] Nyaninja logged in
[11/14/2016 16:24:27] Nyaninja logged in
[11/14/2016 16:34:58] BA55R0P logged in
[11/14/2016 16:47:06] combo logged in
[11/14/2016 16:56:13] murchisd logged in
[11/14/2016 18:00:39] cecil logged in
[11/14/2016 18:49:38] z3 logged in
[11/14/2016 20:31:15] Intelagent logged in
[11/15/2016 00:21:49] Nyaninja logged in
[11/15/2016 00:22:55] superadmin logged in
[11/15/2016 01:38:57] nwk logged in
[11/15/2016 02:33:45] TheBotSquad logged in
[11/15/2016 03:16:28] Beers4Flags logged in
[11/15/2016 04:20:38] err0r-451 logged in
[11/15/2016 04:32:10] err0r-451 logged in
[11/15/2016 07:09:09] ackwaaat logged in
[11/15/2016 07:47:06] LosFuzzys logged in
[11/15/2016 10:03:35] Crews logged in
[11/15/2016 11:33:32] Intelagent logged in
[11/15/2016 11:42:41] AlexanderTheGreat logged in
[11/15/2016 11:43:12] lockjaw logged in
[11/15/2016 12:30:42] superadmin logged in
[11/15/2016 12:36:01] Sean logged in
[11/15/2016 12:38:31] HeadHunter logged in
[11/15/2016 13:02:08] bhannah logged in
[11/15/2016 13:27:17] pred logged in
[11/15/2016 13:52:21] 0x6679 logged in
[11/15/2016 13:53:55] 0x6679 logged in
[11/15/2016 14:11:15] Fladrif logged in
[11/15/2016 14:29:02] UNHcFREG logged in
[11/15/2016 14:32:03] knightsec logged in
[11/15/2016 14:32:04] UNHcFREG logged in
[11/15/2016 14:32:29] superadmin logged in
[11/15/2016 14:32:58] knightsec logged in
[11/15/2016 14:37:59] knightsec logged in
[11/15/2016 14:40:33] superadmin logged in
[11/15/2016 14:45:32] crw logged in
[11/15/2016 14:48:40] combo logged in
[11/15/2016 14:49:25] combo logged in
[11/15/2016 14:54:23] combo logged in
[11/15/2016 15:15:03] knightsec logged in
[11/15/2016 15:21:21] Colonel Panic logged in
[11/15/2016 15:28:03] teknogeek logged in
[11/15/2016 16:07:20] z3 logged in
[11/15/2016 16:11:27] tnrglantz logged in
[11/15/2016 16:19:18] vishiswoz logged in
[11/15/2016 16:20:41] TBD logged in
[11/15/2016 16:43:24] n0de logged in
[11/15/2016 16:46:33] ez4dan logged in
[11/15/2016 16:53:10] mjr2563 logged in
[11/15/2016 17:03:28] Browniecow logged in
[11/15/2016 17:22:36] slimschadey logged in
[11/15/2016 17:27:56] zamozd logged in
[11/15/2016 17:29:13] slimschadey logged in
[11/15/2016 17:45:05] kameryntaylor logged in
[11/15/2016 17:50:35] CSUS/n00bs logged in
[11/15/2016 17:50:54] murchisd logged in
[11/15/2016 17:52:26] derp logged in
[11/15/2016 18:13:07] juhjoo logged in
[11/15/2016 18:20:05] phsst logged in
[11/15/2016 18:21:06] phsst logged in
[11/15/2016 19:04:10] heixiu logged in
[11/15/2016 20:32:14] delici0us logged in
[11/15/2016 21:20:04] spacecatz logged in
[11/15/2016 21:57:24] slimschadey logged in
[11/15/2016 22:13:29] catg logged in
[11/15/2016 22:32:02] nwk logged in
[11/15/2016 22:33:00] derp logged in
[11/16/2016 00:02:56] LoneBatman logged in
[11/16/2016 02:01:32] APapc logged in
[11/16/2016 03:34:33] m3liot logged in
[11/16/2016 03:35:15] m3liot logged in
[11/16/2016 04:00:59] well_just_let_it_be logged in
[11/16/2016 04:01:11] Aditya logged in
[11/16/2016 06:34:22] Balsn logged in
[11/16/2016 06:53:06] f1rst_time logged in
[11/16/2016 07:08:11] Aurora logged in
[11/16/2016 07:17:09] Aurora logged in
[11/16/2016 07:20:47] headwind logged in
[11/16/2016 07:41:44] Clink123 logged in
[11/16/2016 09:07:48] Just Hit the Core logged in
[11/16/2016 09:25:38] Issa logged in
[11/16/2016 09:54:07] elitest logged in
[11/16/2016 10:54:24] acdwas logged in
[11/16/2016 10:55:23] acdwas logged in
[11/16/2016 10:58:04] Efiens logged in
[11/16/2016 11:05:57] yoza logged in
[11/16/2016 12:22:42] balon logged in
[11/16/2016 14:11:57] cl2292 logged in
[11/16/2016 14:14:03] EnterTheMind logged in
[11/16/2016 15:23:01] F**k it we are doing this live logged in
[11/16/2016 15:58:17] BatmansKitchen logged in
[11/16/2016 15:59:12] astrickling2 logged in
[11/16/2016 16:03:28] TXST-CS logged in
[11/16/2016 16:07:08] BaldRunners logged in
[11/16/2016 16:12:31] grelat20 logged in
[11/16/2016 16:13:45] rfrank27 logged in
[11/16/2016 16:23:37] F**k it we are doing this live logged in
[11/16/2016 16:38:41] Snatch The Root logged in
[11/16/2016 17:00:07] C43S4RS logged in
[11/16/2016 17:04:34] ppj4900 logged in
[11/16/2016 17:26:45] r00tacc3ss logged in
[11/16/2016 17:30:18] phsst logged in
[11/16/2016 18:09:39] AlexKatoIsAThief logged in
[11/16/2016 18:43:30] sidewinder logged in
[11/16/2016 18:45:11] cjm1594 logged in
[11/16/2016 19:13:46] wumb0 logged in
[11/16/2016 19:19:11] Clink123 logged in
[11/16/2016 19:30:30] rtk logged in
[11/16/2016 19:33:01] rtk logged in
[11/16/2016 20:45:46] dot. logged in
[11/16/2016 20:57:31] vrnn70 logged in
[11/16/2016 22:09:20] C-Shells logged in
[11/16/2016 22:12:25] FahadAlharbi logged in
[11/16/2016 22:16:00] C-Shells logged in
[11/16/2016 22:18:36] zamozd logged in
[11/16/2016 22:19:18] zamozd logged in
[11/16/2016 22:52:42] jtwp470 logged in
[11/17/2016 00:22:25] Harambae's spirit logged in
[11/17/2016 01:06:02] jsutset logged in
[11/17/2016 01:44:47] Balsn logged in
[11/17/2016 03:11:48] Exception logged in
[11/17/2016 04:09:06] best_pwn3r logged in
[11/17/2016 04:47:05] vlllo logged in
[11/17/2016 04:47:05] vlllo logged in
[11/17/2016 04:50:05] vlllo logged in
[11/17/2016 05:28:01] undercraft logged in
[11/17/2016 07:21:25] Intelagent logged in
[11/17/2016 07:25:56] hrhm logged in
[11/17/2016 09:32:31] liamrahav logged in
[11/17/2016 09:55:34] tuoni logged in
[11/17/2016 10:35:43] cl2292 logged in
[11/17/2016 10:43:05] inspired logged in
[11/17/2016 11:01:20] rageinyoface logged in
[11/17/2016 11:03:14] patulskitime logged in
[11/17/2016 13:25:25] cl2292 logged in
[11/17/2016 13:27:22] beefboolean logged in
[11/17/2016 13:34:41] rfrank27 logged in
[11/17/2016 13:37:25] mjr2563 logged in
[11/17/2016 13:43:04] sxl1267 logged in
[11/17/2016 13:47:06] KXTI2 logged in
[11/17/2016 13:48:54] Sean logged in
[11/17/2016 13:50:27] sigint logged in
[11/17/2016 13:50:47] EnterTheMind logged in
[11/17/2016 13:52:03] sigint logged in
[11/17/2016 13:58:42] sigint logged in
[11/17/2016 13:59:20] sigint logged in
[11/17/2016 14:40:21] kristen logged in
[11/17/2016 14:40:31] cun logged in
[11/17/2016 15:03:21] Pinewood logged in
[11/17/2016 15:21:23] luxeria logged in
[11/17/2016 15:21:29] niclev20 logged in
