[11/07/2016 04:27:34] spartan2194 registered with bdb6115@rit.edu
[11/07/2016 04:36:56] nopester registered with bbornholm2194@gmail.com
[11/07/2016 05:33:52] spartan2194 registered with bdb6115@rit.edu
[11/07/2016 05:38:31] nopster registered (UNCONFIRMED) with bbornholm2194@gmail.com
[11/07/2016 05:49:48] spartan2194 registered (UNCONFIRMED) with bbornholm2194@gmail.com
[11/07/2016 05:52:04] spartan2194 registered (UNCONFIRMED) with bbornholm2194@gmail.com
[11/07/2016 05:54:55] nopester registered (UNCONFIRMED) with bdb6115@rit.edu
[11/07/2016 06:01:48] spartan2194 registered (UNCONFIRMED) with bbornholm2194@gmail.com
[11/07/2016 06:07:29] nopster registered (UNCONFIRMED) with bdb6115@rit.edu
[11/07/2016 06:13:23] spartan2194 registered (UNCONFIRMED) with bbornholm2194@gmail.com
[11/07/2016 06:16:37] spartan2194 registered with bdb6115@rit.edu
[11/07/2016 06:36:08] benster900 registered with bbornholm2194@gmail.com
[11/08/2016 19:25:19] dootdoot4 registered with yaz85014@noicd.com
[11/08/2016 19:27:18] dootdoot5 registered with rc3@rit.edu
[11/08/2016 23:32:08] nope registered with bbornholm2194@gmail.com
[11/08/2016 23:38:05] dootdoot registered with bbornholm2194@gmail.com
[11/08/2016 23:40:04] dootdoot registered with bbornholm2194@gmail.com
[11/08/2016 23:42:18] dootdoot2 registered with bbornholm2194@gmail.com
[11/08/2016 23:49:33] dootdoot3 registered with rc3@rit.edu
[11/08/2016 23:59:13] dootdoot69 registered with rc3@rit.edu
[11/09/2016 00:03:16] doot69 registered with bbornholm2194@gmail.com
[11/09/2016 00:05:17] dootdoot69 registered with rc3@rit.edu
[11/09/2016 00:43:14] doots registered with rc3@rit.edu
[11/09/2016 00:44:29] sdfsdfg registered with bbornholm2194@gmail.com
[11/09/2016 00:49:27] smartwater registered (UNCONFIRMED) with benster900@gmail.com
[11/09/2016 02:50:09] Kristen registered (UNCONFIRMED) with Kmt5215@rit.edu
[11/09/2016 03:33:43] StatesideCash registered (UNCONFIRMED) with bsc4155@rit.edu
[11/09/2016 03:36:17] nick-test registered (UNCONFIRMED) with nmp5860@rit.edu
[11/09/2016 05:46:50] StatesideCash registered (UNCONFIRMED) with bsc4155@rit.edu
[11/09/2016 06:06:28] obama registered (UNCONFIRMED) with bdb6115@g.rit.edu
[11/09/2016 06:17:57] obama1 registered (UNCONFIRMED) with bdb6115@mail.rit.edu
[11/09/2016 06:51:03] mrprez registered (UNCONFIRMED) with bdb6115@g.rit.edu
[11/09/2016 07:05:54] welcome registered (UNCONFIRMED) with bdb6115@g.rit.edu
[11/09/2016 07:07:33] welcome confirmed bdb6115@g.rit.edu
[11/09/2016 07:22:26] dootprez registered (UNCONFIRMED) with spartan2194@mail.rit.edu
[11/09/2016 07:23:52] dootprez confirmed spartan2194@mail.rit.edu
[11/09/2016 14:05:06] StatesideCash registered (UNCONFIRMED) with bsc4155@rit.edu
[11/09/2016 14:06:38] StatesideCash confirmed bsc4155@rit.edu
[11/09/2016 14:07:55] StatesideCash confirmed bsc4155@rit.edu
[11/09/2016 14:12:14] hihihi registered (UNCONFIRMED) with sjm4584@rit.edu
[11/09/2016 14:13:19] hihihi confirmed sjm4584@rit.edu
[11/09/2016 10:17:57] GBCKnights registered (UNCONFIRMED) with milind@mvsgroup.ca
[11/09/2016 10:33:31] Sean registered (UNCONFIRMED) with qxs7953@g.rit.edu
[11/09/2016 10:37:35] Sean confirmed qxs7953@g.rit.edu
[11/09/2016 10:43:44] Joker registered (UNCONFIRMED) with Mjm1276@rit.edu
[11/09/2016 10:43:56] Joker confirmed mjm1276@rit.edu
[11/09/2016 10:54:28] GBCKnights confirmed milind@mvsgroup.ca
[11/09/2016 10:56:19] teamCSECxy registered (UNCONFIRMED) with lhw2553@rit.edu
[11/09/2016 10:56:29] MS31-337 registered (UNCONFIRMED) with nmp5860@rit.edu
[11/09/2016 10:57:02] teamCSECxy confirmed lhw2553@rit.edu
[11/09/2016 10:58:09] MS31-337 confirmed nmp5860@rit.edu
[11/09/2016 11:01:09] CSEXYANDIKNOWIT registered (UNCONFIRMED) with bbm6866@rit.edu
[11/09/2016 11:01:58] Harambae's spirit registered (UNCONFIRMED) with Ohan@mail.rit.edu
[11/09/2016 11:03:23] Harambae's spirit confirmed ohan@mail.rit.edu
[11/09/2016 11:04:58] cybersec registered (UNCONFIRMED) with rb9062@rit.edu
[11/09/2016 11:09:04] cybersec confirmed rb9062@rit.edu
[11/09/2016 11:09:15] cybersec confirmed rb9062@rit.edu
[11/09/2016 11:09:23] cybersec confirmed rb9062@rit.edu
[11/09/2016 11:10:47] cybersec confirmed rb9062@rit.edu
[11/09/2016 11:11:31] cybersec confirmed rb9062@rit.edu
[11/09/2016 11:44:18] ptnega registered (UNCONFIRMED) with ddp3945@rit.edu
[11/09/2016 11:46:45] ptnega confirmed ddp3945@rit.edu
[11/09/2016 12:02:27] AVP registered (UNCONFIRMED) with aakpat6@gmail.com
[11/09/2016 12:02:39] tnr registered (UNCONFIRMED) with jashanb@live.co.uk
[11/09/2016 12:02:40] AVP confirmed aakpat6@gmail.com
[11/09/2016 12:03:50] doshmajhan registered (UNCONFIRMED) with cpc1007@rit.edu
[11/09/2016 12:05:08] tnr confirmed jashanb@live.co.uk
[11/09/2016 12:06:49] hunt registered (UNCONFIRMED) with harveyhuntnexus@gmail.com
[11/09/2016 12:07:52] bolasoma registered (UNCONFIRMED) with sib2154@email.vccs.edu
[11/09/2016 12:08:10] bolasoma confirmed sib2154@email.vccs.edu
[11/09/2016 12:13:49] sjj8207 registered (UNCONFIRMED) with sjj8207@rit.edu
[11/09/2016 12:18:33] how2hack registered (UNCONFIRMED) with b03902110@ntu.edu.tw
[11/09/2016 12:18:42] how2hack confirmed b03902110@ntu.edu.tw
[11/09/2016 12:20:33] hunt confirmed harveyhuntnexus@gmail.com
[11/09/2016 12:23:16] Une_Will registered (UNCONFIRMED) with Wjm5004@rit.edu
[11/09/2016 12:23:59] oink registered (UNCONFIRMED) with oink@mailinator.com
[11/09/2016 12:24:18] oink confirmed oink@mailinator.com
[11/09/2016 12:24:49] Aviato registered (UNCONFIRMED) with jpb4616@rit.edu
[11/09/2016 12:30:58] Aviato confirmed jpb4616@rit.edu
[11/09/2016 12:34:12] Appropriator registered (UNCONFIRMED) with lxc6101@rit.edu
[11/09/2016 12:35:14] Appropriator confirmed lxc6101@rit.edu
[11/09/2016 12:35:26] Une_Will confirmed wjm5004@rit.edu
[11/09/2016 12:38:16] EnterTheMind registered (UNCONFIRMED) with cjg9589@rit.edu
[11/09/2016 12:38:25] EnterTheMind confirmed cjg9589@rit.edu
[11/09/2016 12:38:34] EnterTheMind confirmed cjg9589@rit.edu
[11/09/2016 12:39:23] Pinewood registered (UNCONFIRMED) with david-1993-j@hotmail.com
[11/09/2016 12:39:37] Pinewood confirmed david-1993-j@hotmail.com
[11/09/2016 12:39:55] Pinewood confirmed david-1993-j@hotmail.com
[11/09/2016 13:04:35] shuhacksoc registered (UNCONFIRMED) with shuhacksoc@gmail.com
[11/09/2016 13:04:48] shuhacksoc confirmed shuhacksoc@gmail.com
[11/09/2016 13:08:57] brianSchanbacher registered (UNCONFIRMED) with bts5099@rit.edu
[11/09/2016 13:09:43] brianSchanbacher confirmed bts5099@rit.edu
[11/09/2016 13:12:35] brianSchanbacher confirmed bts5099@rit.edu
[11/09/2016 13:35:31] randomdeduction registered (UNCONFIRMED) with randomdeduction@gmail.com
[11/09/2016 13:39:41] Siberiax registered (UNCONFIRMED) with alex.g.mchugh@gmail.com
[11/09/2016 13:40:11] Siberiax confirmed alex.g.mchugh@gmail.com
[11/09/2016 13:49:05] ppj4900 registered (UNCONFIRMED) with ppj4900@g.rit.edu
[11/09/2016 13:49:21] randomdeduction confirmed randomdeduction@gmail.com
[11/09/2016 13:51:26] ppj4900 confirmed ppj4900@g.rit.edu
[11/09/2016 13:55:56] lockjaw registered (UNCONFIRMED) with aje5218@rit.edu
[11/09/2016 13:56:27] AXLE registered (UNCONFIRMED) with pratapchandraallena@gmail.com
[11/09/2016 13:57:00] AXLE confirmed pratapchandraallena@gmail.com
[11/09/2016 13:58:52] lockjaw confirmed aje5218@rit.edu
[11/09/2016 14:03:54] blekksprut registered (UNCONFIRMED) with jlm4508@rit.edu
[11/09/2016 14:04:40] doshmajhan confirmed cpc1007@rit.edu
[11/09/2016 14:06:29] cl2292 registered (UNCONFIRMED) with cl2292@g.rit.edu
[11/09/2016 14:13:32] y0ungTrunk registered (UNCONFIRMED) with bxd7887@rit.edu
[11/09/2016 14:14:49] y0ungTrunk confirmed bxd7887@rit.edu
[11/09/2016 14:19:30] cl2292 confirmed cl2292@g.rit.edu
[11/09/2016 14:53:39] Pureevil registered (UNCONFIRMED) with axk5795@g.rit.edu
[11/09/2016 15:00:20] Pureevil confirmed aadarshadk@hotmail.com
[11/09/2016 15:04:26] AVP confirmed aakpat6@gmail.com
[11/09/2016 15:22:45] #w1N registered (UNCONFIRMED) with ar1665@g.rit.edu
[11/09/2016 15:46:02] rot13 registered (UNCONFIRMED) with zany@live.ca
[11/09/2016 15:46:20] rot13 confirmed zany@live.ca
[11/09/2016 15:46:27] rot13 confirmed zany@live.ca
[11/09/2016 16:39:07] wumb0 registered (UNCONFIRMED) with jaime@grimm-co.com
[11/09/2016 16:39:32] wumb0 confirmed jaime@grimm-co.com
[11/09/2016 16:59:33] mhart registered (UNCONFIRMED) with mah2941@rit.edu
[11/09/2016 17:03:39] mhart confirmed mah2941@rit.edu
[11/09/2016 18:26:22] objEEdump registered (UNCONFIRMED) with Johnhammond010@gmail.com
[11/09/2016 18:26:41] objEEdump confirmed johnhammond010@gmail.com
[11/09/2016 18:47:53] Issa registered (UNCONFIRMED) with ivh7158@rit.edu
[11/09/2016 18:48:54] Issa confirmed ivh7158@rit.edu
[11/09/2016 18:49:48] Issa confirmed ivh7158@rit.edu
[11/09/2016 19:39:52] FFCrew registered (UNCONFIRMED) with FFCrewCTF@gmail.com
[11/09/2016 19:50:46] Aurora registered (UNCONFIRMED) with aurora@foxmail.com
[11/09/2016 19:51:44] FFCrew confirmed ffcrewctf@gmail.com
[11/09/2016 20:59:53] |L0n3_1| registered (UNCONFIRMED) with kalmite@gmail.com
[11/09/2016 21:00:32] |L0n3_1| confirmed kalmite@gmail.com
[11/09/2016 21:00:53] |L0n3_1| confirmed kalmite@gmail.com
[11/09/2016 22:14:31] Koalatea registered (UNCONFIRMED) with rjw4910@gmail.com
[11/09/2016 22:17:02] #w1N confirmed ar1665@g.rit.edu
[11/09/2016 22:43:21] 0xBU registered (UNCONFIRMED) with contact@0xbu.com
[11/09/2016 22:44:09] 0xBU confirmed contact@0xbu.com
[11/10/2016 04:42:03] Aurora confirmed szu.aurora@foxmail.com
[11/10/2016 04:58:57] anaconda registered (UNCONFIRMED) with coltdiamondndsblack@gmail.com
[11/10/2016 05:00:12] anaconda confirmed coltdiamondndsblack@gmail.com
[11/10/2016 09:41:21] messy registered (UNCONFIRMED) with ameserole@gmail.com
[11/10/2016 09:41:40] messy confirmed ameserole@gmail.com
[11/10/2016 10:21:50] CTFJPM registered (UNCONFIRMED) with ctfjpm@posteo.ch
[11/10/2016 10:22:02] CTFJPM confirmed ctfjpm@posteo.ch
[11/10/2016 10:28:39] biv registered (UNCONFIRMED) with beviguier@gmail.com
[11/10/2016 10:28:54] biv confirmed beviguier@gmail.com
[11/10/2016 12:07:27] yoza registered (UNCONFIRMED) with yko6374@g.rit.edu
[11/10/2016 12:10:25] yoza confirmed yko6374@g.rit.edu
[11/10/2016 12:57:12] horzempac registered (UNCONFIRMED) with cth3283@rit.edu
[11/10/2016 13:00:21] Nyaninja registered (UNCONFIRMED) with nancy.dam@crowehorwath.com
[11/10/2016 14:35:00] devnull registered (UNCONFIRMED) with james@droste.im
[11/10/2016 14:36:03] devnull confirmed james@droste.im
[11/10/2016 15:43:45] r00t registered (UNCONFIRMED) with ys4815@rit.edu
[11/10/2016 15:45:20] r00t confirmed ys4815@rit.edu
[11/10/2016 19:55:22] dot. registered (UNCONFIRMED) with alexaccount2@live.ca
[11/10/2016 19:55:34] dot. confirmed alexaccount2@live.ca
[11/10/2016 19:55:40] dot. confirmed alexaccount2@live.ca
[11/10/2016 20:20:21] yangsan registered (UNCONFIRMED) with de.kailaid@gmail.com
[11/10/2016 20:22:07] yangsan confirmed de.kailaid@gmail.com
[11/10/2016 20:56:02] iamabadger08 registered (UNCONFIRMED) with iamabadger05@gmail.com
[11/10/2016 20:56:18] iamabadger08 confirmed iamabadger05@gmail.com
[11/10/2016 21:23:55] SoyaProphet registered (UNCONFIRMED) with emile.turcotte6@hotmail.com
[11/10/2016 21:24:14] SoyaProphet confirmed emile.turcotte6@hotmail.com
[11/10/2016 21:24:23] SoyaProphet confirmed emile.turcotte6@hotmail.com
[11/10/2016 22:01:58] kony2012 registered (UNCONFIRMED) with rs4983@rit.edu
[11/10/2016 22:02:38] kony2012 confirmed rs4983@rit.edu
[11/10/2016 22:08:28] bwoolf1122 registered (UNCONFIRMED) with baw6411@rit.edu
[11/10/2016 22:09:23] bwoolf1122 confirmed baw6411@rit.edu
[11/10/2016 22:10:02] shuska registered (UNCONFIRMED) with stephenhuska@gmail.com
[11/10/2016 22:10:59] shuska confirmed stephenhuska@gmail.com
[11/10/2016 22:27:11] Trial2 registered (UNCONFIRMED) with mjh3806@rit.edu
[11/10/2016 22:32:26] fattynolifer registered (UNCONFIRMED) with mjc2918@rit.edu
[11/10/2016 22:49:06] fattynolifer confirmed mjc2918@rit.edu
[11/10/2016 23:04:25] knif3 registered (UNCONFIRMED) with mjm5097@rit.edu
[11/10/2016 23:05:25] knif3 confirmed mjm5097@rit.edu
[11/10/2016 23:20:24] tnrglantz registered (UNCONFIRMED) with tnrglantz@csh.rit.edu
[11/10/2016 23:31:39] tnrglantz confirmed tnrglantz@csh.rit.edu
[11/10/2016 23:38:38] branflakes123 registered (UNCONFIRMED) with ajb8018@rit.edu
[11/10/2016 23:39:15] branflakes123 confirmed ajb8018@rit.edu
[11/10/2016 23:47:26] fxw4736 registered (UNCONFIRMED) with fxw4736@rit.edu
[11/11/2016 00:55:28] HydraSec registered (UNCONFIRMED) with tophe.guevara@gmail.com
[11/11/2016 00:55:38] HydraSec confirmed tophe.guevara@gmail.com
[11/11/2016 09:12:20] cjm1594 registered (UNCONFIRMED) with cjm1594@g.rit.edu
[11/11/2016 09:17:16] cjm1594 confirmed cjm1594@g.rit.edu
[11/11/2016 10:22:54] Trial2 confirmed mjh3806@rit.edu
[11/11/2016 11:41:23] mxms registered (UNCONFIRMED) with shavrm@rpi.edu
[11/11/2016 11:41:32] mxms confirmed shavrm@rpi.edu
[11/11/2016 11:59:18] nxb2253 registered (UNCONFIRMED) with nxb2253@rit.edu
[11/11/2016 11:59:58] nxb2253 confirmed nxb2253@rit.edu
[11/11/2016 12:01:19] nxb2253 confirmed nxb2253@rit.edu
[11/11/2016 12:13:58] CSEXYANDIKNOWIT confirmed bbm6866@rit.edu
[11/11/2016 12:17:32] mjr2563 registered (UNCONFIRMED) with mjr2563@rit.edu
[11/11/2016 12:18:19] mjr2563 confirmed mjr2563@rit.edu
[11/11/2016 12:18:36] mjr2563 confirmed mjr2563@rit.edu
[11/11/2016 12:19:16] mjr2563 confirmed mjr2563@rit.edu
[11/11/2016 12:33:35] ELT registered (UNCONFIRMED) with elt@ctf-br.org
[11/11/2016 12:33:57] ELT confirmed elt@ctf-br.org
[11/11/2016 12:37:30] _TMIH_ registered (UNCONFIRMED) with m4f10.s0h@gmail.com
[11/11/2016 12:43:57] _TMIH_ confirmed m4f10.s0h@gmail.com
[11/11/2016 12:44:04] _TMIH_ confirmed m4f10.s0h@gmail.com
[11/11/2016 14:03:56] wireglitch registered (UNCONFIRMED) with wireglitch@gmail.com
[11/11/2016 14:21:45] wireglitch confirmed wireglitch@gmail.com
[11/11/2016 15:56:22] LevitatingLion registered (UNCONFIRMED) with levitatinglion@web.de
[11/11/2016 15:57:13] LevitatingLion confirmed levitatinglion@web.de
[11/11/2016 16:04:36] eyylmao registered (UNCONFIRMED) with txd3900@g.rit.edu
[11/11/2016 16:27:03] eyylmao confirmed txd3900@g.rit.edu
[11/11/2016 16:36:38] kalibri registered (UNCONFIRMED) with free-byrd@ya.ru
[11/11/2016 16:37:37] kalibri confirmed free-byrd@ya.ru
[11/11/2016 20:09:36] ketocrisp registered (UNCONFIRMED) with ketocrispeh@gmail.com
[11/11/2016 20:30:44] ketocrisp confirmed ketocrispeh@gmail.com
[11/11/2016 20:48:08] fang0654 registered (UNCONFIRMED) with dlawson@digital-panther.com
[11/11/2016 20:49:07] fang0654 confirmed dlawson@digital-panther.com
[11/11/2016 21:09:49] viktech registered (UNCONFIRMED) with viktechcomputers@gmail.com
[11/11/2016 21:10:05] viktech confirmed viktechcomputers@gmail.com
[11/12/2016 02:34:18] markraub registered (UNCONFIRMED) with mar6118@rit.edu
[11/12/2016 02:36:24] kmark registered (UNCONFIRMED) with markraub@csh.rit.edu
[11/12/2016 02:36:38] kmark confirmed markraub@csh.rit.edu
[11/12/2016 05:14:52] wireglitch confirmed wireglitch@gmail.com
[11/12/2016 06:32:09] ackwaaat registered (UNCONFIRMED) with comqu3st@gmail.com
[11/12/2016 06:32:32] ackwaaat confirmed comqu3st@gmail.com
[11/12/2016 06:34:16] SHARK registered (UNCONFIRMED) with 30287151@qq.com
[11/12/2016 07:53:36] Khajiit registered (UNCONFIRMED) with immortal_pony@protonmail.com
[11/12/2016 07:54:34] Khajiit confirmed immortal_pony@protonmail.com
[11/12/2016 09:02:05] Blackadders registered (UNCONFIRMED) with hidayatronny@ymail.com
[11/12/2016 09:04:21] Blackadders confirmed hidayatronny@ymail.com
[11/12/2016 09:15:43] 0xFF registered (UNCONFIRMED) with cxj@mail.ru
[11/12/2016 09:15:54] 0xFF confirmed cxj@mail.ru
[11/12/2016 09:28:13] ilyarik registered (UNCONFIRMED) with ilyaribakov@mail.ru
[11/12/2016 09:28:36] ilyarik confirmed ilyaribakov@mail.ru
[11/12/2016 11:38:44] bhannah registered (UNCONFIRMED) with bradhannah@me.com
[11/12/2016 11:40:02] GeekMinistry registered (UNCONFIRMED) with tc@geekministry.org
[11/12/2016 11:42:41] GeekMinistry confirmed tc@geekministry.org
[11/12/2016 11:42:52] GeekMinistry confirmed tc@geekministry.org
[11/12/2016 12:35:42] bownairo registered (UNCONFIRMED) with eero@csh.rit.edu
[11/12/2016 12:35:49] d4rkc0de registered (UNCONFIRMED) with lionaneesh@gmail.com
[11/12/2016 12:36:22] bownairo confirmed eero@csh.rit.edu
[11/12/2016 13:00:37] d4rkc0de confirmed lionaneesh@gmail.com
[11/12/2016 14:53:16] NeOLux-C1Ph3r registered (UNCONFIRMED) with neolux-cipher@hotmail.fr
[11/12/2016 15:11:37] NeOLux-C1Ph3r confirmed neolux-cipher@hotmail.fr
[11/12/2016 15:20:23] noxora registered (UNCONFIRMED) with liam@csh.rit.edu
[11/12/2016 15:20:47] noxora confirmed liam@csh.rit.edu
[11/12/2016 15:49:53] K.Y.S. registered (UNCONFIRMED) with 0x0titan@gmail.com
[11/12/2016 15:50:39] K.Y.S. confirmed 0x0titan@gmail.com
[11/12/2016 15:51:00] K.Y.S. confirmed 0x0titan@gmail.com
[11/12/2016 15:52:30] D3coy registered (UNCONFIRMED) with bommas345@gmail.com
[11/12/2016 15:52:53] D3coy confirmed bommas345@gmail.com
[11/12/2016 18:44:04] tabutcu registered (UNCONFIRMED) with tabutcu@protonmail.com
[11/12/2016 18:45:24] tabutcu confirmed tabutcu@protonmail.com
[11/12/2016 18:45:36] tabutcu confirmed tabutcu@protonmail.com
[11/12/2016 18:50:39] m0dule registered (UNCONFIRMED) with pedro.araujo@ortrel.com.br
[11/12/2016 18:58:54] liamtoh registered (UNCONFIRMED) with yscsyp@gmail.com
[11/12/2016 19:00:20] liamtoh confirmed yscsyp@gmail.com
[11/12/2016 19:12:06] WhyIamhere registered (UNCONFIRMED) with qxn2771@rit.edu
[11/12/2016 20:33:21] z3 registered (UNCONFIRMED) with jxw6361@rit.edu
[11/12/2016 23:17:45] jtwp470 registered (UNCONFIRMED) with rskjtwp@gmail.com
[11/12/2016 23:18:22] jtwp470 confirmed rskjtwp@gmail.com
[11/12/2016 23:29:33] Quantum722 registered (UNCONFIRMED) with Quantum722@gmail.com
[11/12/2016 23:29:50] Quantum722 confirmed quantum722@gmail.com
[11/13/2016 00:35:48] AvgCab registered (UNCONFIRMED) with aso9149@rit.edu
[11/13/2016 01:28:28] 123456 registered (UNCONFIRMED) with 279275004@QQ.COM
[11/13/2016 01:29:45] 123456 confirmed 279275004@qq.com
[11/13/2016 02:27:51] dsec13 registered (UNCONFIRMED) with hw13d036@csms.edu.mn
[11/13/2016 02:30:55] dsec13 confirmed hw13d036@csms.edu.mn
[11/13/2016 02:32:46] dsec13 confirmed hw13d036@csms.edu.mn
[11/13/2016 04:23:30] dcua registered (UNCONFIRMED) with solarwind@defcon.org.ua
[11/13/2016 04:24:02] dcua confirmed solarwind@defcon.org.ua
[11/13/2016 06:12:05] sacrum registered (UNCONFIRMED) with caner@octosec.net
[11/13/2016 06:18:36] tummiecookie registered (UNCONFIRMED) with tummiecookie@googlemail.com
[11/13/2016 06:18:48] tummiecookie confirmed tummiecookie@googlemail.com
[11/13/2016 07:15:44] Ph03nix registered (UNCONFIRMED) with ph03nix.mrv@gmail.com
[11/13/2016 07:16:10] Ph03nix confirmed ph03nix.mrv@gmail.com
[11/13/2016 08:49:28] nacayoshi00 registered (UNCONFIRMED) with malwr.prayer.1981@gmail.com
[11/13/2016 08:49:45] nacayoshi00 confirmed malwr.prayer.1981@gmail.com
[11/13/2016 10:46:42] C0wAssassin registered (UNCONFIRMED) with abdullah.haris507@gmail.com
[11/13/2016 10:47:13] C0wAssassin confirmed abdullah.haris507@gmail.com
[11/13/2016 11:14:35] viray registered (UNCONFIRMED) with 83elmo@gmail.com
[11/13/2016 11:14:57] viray confirmed 83elmo@gmail.com
[11/13/2016 11:33:27] meskaboczka registered (UNCONFIRMED) with mateusz.stebnicki@gmail.com
[11/13/2016 11:51:40] meskaboczka confirmed mateusz.stebnicki@gmail.com
[11/13/2016 12:44:59] puszek registered (UNCONFIRMED) with mk@trou.pl
[11/13/2016 12:45:23] puszek confirmed mk@trou.pl
[11/13/2016 13:17:58] matishadow registered (UNCONFIRMED) with matishadow@gmail.com
[11/13/2016 13:18:15] matishadow confirmed matishadow@gmail.com
[11/13/2016 13:36:56] sesha569 registered (UNCONFIRMED) with sheshananda4u@gmail.com
[11/13/2016 13:38:32] sesha569 confirmed sheshananda4u@gmail.com
[11/13/2016 16:26:32] ppz.c0l1n registered (UNCONFIRMED) with ppz.c0l1n@gmail.com
[11/13/2016 16:28:41] ppz.c0l1n confirmed ppz.c0l1n@gmail.com
[11/13/2016 17:03:42] jbz registered (UNCONFIRMED) with jbzteam@outlook.com
[11/13/2016 17:04:27] jbz confirmed jbzteam@outlook.com
[11/13/2016 17:14:44] Mice registered (UNCONFIRMED) with citer@protonmail.com
[11/13/2016 18:52:45] BBHHS registered (UNCONFIRMED) with adam.galauner2@yahoo.com
[11/13/2016 18:52:57] BBHHS confirmed adam.galauner2@yahoo.com
[11/13/2016 18:57:25] JonahChrzanowski registered (UNCONFIRMED) with jcc6228@g.rit.edu
[11/13/2016 18:57:52] JonahChrzanowski confirmed jcc6228@g.rit.edu
[11/13/2016 20:30:56] Lopez registered (UNCONFIRMED) with lopeze17@bbhcsd.org
[11/13/2016 20:31:04] Lopez confirmed lopeze17@bbhcsd.org
[11/13/2016 20:51:49] JoelEager registered (UNCONFIRMED) with joel@csh.rit.edu
[11/13/2016 20:52:05] JoelEager confirmed joel@csh.rit.edu
[11/13/2016 21:37:12] dec8506 registered (UNCONFIRMED) with dec8506@rit.edu
[11/13/2016 22:49:41] Beowulf registered (UNCONFIRMED) with kevin.zhe72@gmail.com
[11/13/2016 22:49:50] Beowulf confirmed kevin.zhe72@gmail.com
[11/13/2016 22:52:55] Shadeslayer5 registered (UNCONFIRMED) with kevinpalani@gmail.com
[11/13/2016 22:53:39] Shadeslayer5 confirmed kevinpalani@gmail.com
[11/13/2016 22:54:04] Shadeslayer5 confirmed kevinpalani@gmail.com
[11/13/2016 23:26:28] slimschadey registered (UNCONFIRMED) with mxs3419@g.rit.edu
[11/14/2016 00:16:37] murchisd registered (UNCONFIRMED) with donaldmurchison@csus.edu
[11/14/2016 00:17:20] murchisd confirmed donaldmurchison@csus.edu
[11/14/2016 00:47:52] bykva registered (UNCONFIRMED) with info@bykvaadm.ru
[11/14/2016 01:24:50] bykva confirmed info@bykvaadm.ru
[11/14/2016 01:27:42] IPFactory registered (UNCONFIRMED) with kurogomactf@gmail.com
[11/14/2016 01:30:03] IPFactory confirmed kurogomactf@gmail.com
[11/14/2016 02:26:04] tazza registered (UNCONFIRMED) with tarek.elgindy@gmail.com
[11/14/2016 02:27:00] tazza confirmed tarek.elgindy@gmail.com
[11/14/2016 02:48:06] well_just_let_it_be registered (UNCONFIRMED) with well_just_let_it_be@mail.ru
[11/14/2016 02:55:54] acdwas registered (UNCONFIRMED) with acdwas_ctf@poczta.pl
[11/14/2016 03:08:11] migmas registered (UNCONFIRMED) with kostyan37@mail.ru
[11/14/2016 03:09:04] migmas confirmed kostyan37@mail.ru
[11/14/2016 03:21:23] well_just_let_it_be confirmed well_just_let_it_be@mail.ru
[11/14/2016 03:28:34] maorko registered (UNCONFIRMED) with sivanshelanu@gmail.com
[11/14/2016 03:28:53] maorko confirmed sivanshelanu@gmail.com
[11/14/2016 03:29:04] maorko confirmed sivanshelanu@gmail.com
[11/14/2016 03:29:32] maorko confirmed sivanshelanu@gmail.com
[11/14/2016 03:50:32] KS4 registered (UNCONFIRMED) with ktmanyb@gmail.com
[11/14/2016 06:25:54] gpp256 registered (UNCONFIRMED) with gpp256@gmail.com
[11/14/2016 06:26:15] gpp256 confirmed gpp256@gmail.com
[11/14/2016 06:51:23] 0zwi3ard registered (UNCONFIRMED) with 0zwi3ard@gmail.com
[11/14/2016 06:51:42] 0zwi3ard confirmed 0zwi3ard@gmail.com
[11/14/2016 07:36:41] watermelon registered (UNCONFIRMED) with amazoninnewyork@gmail.com
[11/14/2016 07:37:31] watermelon confirmed amazoninnewyork@gmail.com
[11/14/2016 07:43:05] anorak registered (UNCONFIRMED) with kenjoe41@evilzone.org
[11/14/2016 07:45:08] anorak confirmed kenjoe41@evilzone.org
[11/14/2016 07:54:32] M4DH4TT3R5  registered (UNCONFIRMED) with i1119137@mvrht.com
[11/14/2016 07:55:09] M4DH4TT3R5  confirmed i1119137@mvrht.com
[11/14/2016 07:59:15] Ces_ registered (UNCONFIRMED) with ilal.jim@gmail.com
[11/14/2016 08:02:47] mhchen registered (UNCONFIRMED) with mhchen@uaschools.org
[11/14/2016 08:02:49] mhchen confirmed mhchen@uaschools.org
[11/14/2016 08:13:11] mhchen confirmed mhchen@uaschools.org
[11/14/2016 08:18:23] DadIsComing registered (UNCONFIRMED) with dic@jigi.fr
[11/14/2016 08:22:13] DadIsComing confirmed dic@jigi.fr
[11/14/2016 08:23:06] DadIsComing confirmed dic@jigi.fr
[11/14/2016 08:26:35] Ces_ confirmed ilal.jim@gmail.com
[11/14/2016 08:27:03] r00tacc3ss registered (UNCONFIRMED) with rootpentesting@gmail.com
[11/14/2016 08:27:22] r00tacc3ss confirmed rootpentesting@gmail.com
[11/14/2016 08:28:03] PiMan100111010 registered (UNCONFIRMED) with zainpi67@gmail.com
[11/14/2016 08:28:22] PiMan100111010 confirmed zainpi67@gmail.com
[11/14/2016 08:28:37] mhchen confirmed mhchen@uaschools.org
[11/14/2016 08:30:59] Sh4rk registered (UNCONFIRMED) with leonzrq@163.com
[11/14/2016 08:31:41] Sh4rk confirmed leonzrq@163.com
[11/14/2016 08:36:12] Flash registered (UNCONFIRMED) with elitesociety349@gmail.com
[11/14/2016 08:38:32] jamessun registered (UNCONFIRMED) with jamessun@mindspring.com
[11/14/2016 08:40:23] jamessun confirmed jamessun@mindspring.com
[11/14/2016 08:52:22] cun registered (UNCONFIRMED) with carlos.guzmanp@cun.edu.co
[11/14/2016 08:52:37] cun confirmed carlos.guzmanp@cun.edu.co
[11/14/2016 08:58:43] mhchen confirmed mhchen@uaschools.org
[11/14/2016 09:18:57] ldurrenberger registered (UNCONFIRMED) with leon.durrenberger@gmail.com
[11/14/2016 09:19:23] ldurrenberger confirmed leon.durrenberger@gmail.com
[11/14/2016 09:19:34] ldurrenberger confirmed leon.durrenberger@gmail.com
[11/14/2016 09:22:54] jamessun confirmed jamessun@mindspring.com
[11/14/2016 09:41:43] luxeria registered (UNCONFIRMED) with me@09f9.org
[11/14/2016 09:53:25] Viviturtle registered (UNCONFIRMED) with Vivi.langga@gmail.com
[11/14/2016 09:53:40] Viviturtle confirmed vivi.langga@gmail.com
[11/14/2016 09:58:52] mhchen confirmed mhchen@uaschools.org
[11/14/2016 10:01:47] AsssassiNOPs registered (UNCONFIRMED) with asssassinops@gmail.com
[11/14/2016 10:03:37] hacknodap registered (UNCONFIRMED) with hacknodap@grr.la
[11/14/2016 10:03:52] hacknodap confirmed hacknodap@grr.la
[11/14/2016 10:18:13] AsssassiNOPs confirmed asssassinops@gmail.com
[11/14/2016 10:27:32] SecurityFirst registered (UNCONFIRMED) with sf.secu@gmail.com
[11/14/2016 10:27:40] SecurityFirst confirmed sf.secu@gmail.com
[11/14/2016 10:34:06] CsEc-CoMp registered (UNCONFIRMED) with compteam@csec.umiacs.umd.edu
[11/14/2016 10:34:14] CsEc-CoMp confirmed compteam@csec.umiacs.umd.edu
[11/14/2016 10:34:22] CsEc-CoMp confirmed compteam@csec.umiacs.umd.edu
[11/14/2016 10:47:49] smwbrc3 registered (UNCONFIRMED) with 2586242111@qq.com
[11/14/2016 11:12:33] acdwas confirmed acdwas_ctf@poczta.pl
[11/14/2016 11:35:33] Squ33x registered (UNCONFIRMED) with artem.pyryev@crowehorwath.com
[11/14/2016 11:59:07] mhchen confirmed mhchen@uaschools.org
[11/14/2016 12:00:10] Cute registered (UNCONFIRMED) with make@hotmail.com.vn
[11/14/2016 12:00:39] vishiswoz registered (UNCONFIRMED) with viyer42@gatech.edu
[11/14/2016 12:01:24] Cute confirmed make@hotmail.com.vn
[11/14/2016 12:01:33] AlexanderTheGreat registered (UNCONFIRMED) with acrisan@uaschools.org
[11/14/2016 12:01:35] AlexanderTheGreat confirmed acrisan@uaschools.org
[11/14/2016 12:01:49] Cute confirmed make@hotmail.com.vn
[11/14/2016 12:02:31] Gnarthok registered (UNCONFIRMED) with jeffhayslett@gmail.com
[11/14/2016 12:02:48] Gnarthok confirmed jeffhayslett@gmail.com
[11/14/2016 12:07:44] BatmansKitchen registered (UNCONFIRMED) with ctfnet@cs.washington.edu
[11/14/2016 12:11:52] AlexanderTheGreat confirmed acrisan@uaschools.org
[11/14/2016 12:17:40] vishiswoz confirmed vishwa_iyer@icloud.com
[11/14/2016 12:19:57] BatmansKitchen confirmed ctfnet@cs.washington.edu
[11/14/2016 12:20:24] BatmansKitchen confirmed ctfnet@cs.washington.edu
[11/14/2016 12:26:45] dotSlash registered (UNCONFIRMED) with ryan@polhemus.org
[11/14/2016 12:27:04] dotSlash confirmed ryan@polhemus.org
[11/14/2016 12:27:10] AlexanderTheGreat confirmed acrisan@uaschools.org
[11/14/2016 12:37:35] luxeria confirmed bigcyrill@hotmail.com
[11/14/2016 12:57:21] AlexanderTheGreat confirmed acrisan@uaschools.org
[11/14/2016 13:23:17] FluxFingers registered (UNCONFIRMED) with fluxfingers@rub.de
[11/14/2016 13:23:26] FluxFingers confirmed fluxfingers@rub.de
[11/14/2016 13:50:37] l00t3d registered (UNCONFIRMED) with evc5310@psu.edu
[11/14/2016 13:57:29] AlexanderTheGreat confirmed acrisan@uaschools.org
[11/14/2016 14:09:39] deadmanrose3 registered (UNCONFIRMED) with hunter.gregal@mymail.champlain.edu
[11/14/2016 14:09:47] deadmanrose3 confirmed hunter.gregal@mymail.champlain.edu
[11/14/2016 14:15:33] Nestor registered (UNCONFIRMED) with michael.dargie@mymail.champlain.edu
[11/14/2016 14:16:04] Nestor confirmed michael.dargie@mymail.champlain.edu
[11/14/2016 14:20:45] 9soc registered (UNCONFIRMED) with Ninesoc@gmail.com
[11/14/2016 14:22:28] l00t3d confirmed evc5310@psu.edu
[11/14/2016 14:23:08] l00t3d confirmed evc5310@psu.edu
[11/14/2016 14:24:16] KOT_Mapku3 registered (UNCONFIRMED) with chernicaar@gmail.com
[11/14/2016 14:25:05] l00t3d confirmed evc5310@psu.edu
[11/14/2016 14:31:36] Anu2biZ registered (UNCONFIRMED) with anu2biz@yandex.ru
[11/14/2016 14:32:09] Anu2biZ confirmed anu2biz@yandex.ru
[11/14/2016 14:34:34] KOT_Mapku3 confirmed chernicaar@gmail.com
[11/14/2016 14:37:26] KOT_Mapku3 confirmed chernicaar@gmail.com
[11/14/2016 15:25:24] 9soc confirmed ninesoc@gmail.com
[11/14/2016 15:57:44] AlexanderTheGreat confirmed acrisan@uaschools.org
[11/14/2016 15:59:28] mhchen confirmed mhchen@uaschools.org
[11/14/2016 16:10:15] combo registered (UNCONFIRMED) with jeffrey.whiteside@gmail.com
[11/14/2016 16:11:37] combo confirmed jeffrey.whiteside@gmail.com
[11/14/2016 16:31:59] schadey registered (UNCONFIRMED) with mxs3419@rit.edu
[11/14/2016 16:33:28] BA55R0P registered (UNCONFIRMED) with capture.all.the.flags@gmail.com
[11/14/2016 16:34:39] BA55R0P confirmed capture.all.the.flags@gmail.com
[11/14/2016 16:43:37] Fladrif registered (UNCONFIRMED) with dtox666@hotmail.com
[11/14/2016 16:43:56] Fladrif confirmed dtox666@hotmail.com
[11/14/2016 17:00:29] schadey confirmed mxs3419@rit.edu
[11/14/2016 17:13:42] BackPocket registered (UNCONFIRMED) with bmcgowan32@gmail.com
[11/14/2016 17:24:57] BackPocket confirmed bmcgowan32@gmail.com
[11/14/2016 17:49:34] cecil registered (UNCONFIRMED) with meraibick@gmail.com
[11/14/2016 18:00:14] cecil confirmed meraibick@gmail.com
[11/14/2016 18:12:06] sjj8207 confirmed sjj8207@rit.edu
[11/14/2016 18:20:57] Happyquack registered (UNCONFIRMED) with happyquackcrew@gmail.com
[11/14/2016 18:21:10] Happyquack confirmed happyquackcrew@gmail.com
[11/14/2016 19:01:34] Dragon Sector registered (UNCONFIRMED) with reg@dragonsector.pl
[11/14/2016 19:01:54] Dragon Sector confirmed reg@dragonsector.pl
[11/14/2016 19:03:03] Intelagent registered (UNCONFIRMED) with lascala.luke@gmail.com
[11/14/2016 19:03:26] Intelagent confirmed lascala.luke@gmail.com
[11/14/2016 19:40:23] chobo registered (UNCONFIRMED) with hyoub9un@gmail.com
[11/14/2016 19:41:04] chobo confirmed hyoub9un@gmail.com
[11/14/2016 19:57:47] AlexanderTheGreat confirmed acrisan@uaschools.org
[11/14/2016 19:59:30] mhchen confirmed mhchen@uaschools.org
[11/14/2016 20:03:19] UNHcFREG registered (UNCONFIRMED) with tbalo1@unh.newhaven.edu
[11/14/2016 20:22:16] UNHcFREG confirmed tbalo1@unh.newhaven.edu
[11/14/2016 20:24:46] wgord registered (UNCONFIRMED) with wgord1@unh.newhaven.edu
[11/14/2016 20:28:56] liamrahav registered (UNCONFIRMED) with im@liamrahav.me
[11/14/2016 20:29:14] liamrahav confirmed im@liamrahav.me
[11/14/2016 20:29:22] MSEC# registered (UNCONFIRMED) with vuhuunghia1996@gmail.com
[11/14/2016 20:29:42] MSEC# confirmed vuhuunghia1996@gmail.com
[11/14/2016 22:13:47] NOP confirmed de.kailaid@gmail.com
[11/14/2016 23:45:13] bhannah confirmed bradhannah@me.com
[11/14/2016 23:48:00] vishiswoz confirmed vishwa_iyer@icloud.com
[11/15/2016 01:16:09] WWU Hackdown registered (UNCONFIRMED) with hackdownctf@wwu.de
[11/15/2016 01:37:21] nwk registered (UNCONFIRMED) with kuyjuim@naver.com
[11/15/2016 01:37:34] nwk confirmed kuyjuim@naver.com
[11/15/2016 02:30:52] TheBotSquad registered (UNCONFIRMED) with TheBotSquadRoot@gmail.com
[11/15/2016 02:33:31] TheBotSquad confirmed thebotsquadroot@gmail.com
[11/15/2016 02:34:18] asciicharacter registered (UNCONFIRMED) with alexzhu94@gmail.com
[11/15/2016 02:34:28] asciicharacter confirmed alexzhu94@gmail.com
[11/15/2016 02:46:56] NeOLux-C1Ph3r confirmed neolux-cipher@hotmail.fr
[11/15/2016 03:12:06] Beers4Flags registered (UNCONFIRMED) with beers4flags@gmail.com
[11/15/2016 03:13:00] Beers4Flags confirmed beers4flags@gmail.com
[11/15/2016 04:15:44] err0r-451 registered (UNCONFIRMED) with team@err0r-451.ru
[11/15/2016 04:16:53] err0r-451 confirmed team@err0r-451.ru
[11/15/2016 06:33:08] Alamina registered (UNCONFIRMED) with 624543857@qq.com
[11/15/2016 07:45:25] LosFuzzys registered (UNCONFIRMED) with we@hack.more.systems
[11/15/2016 07:46:14] LosFuzzys confirmed we@hack.more.systems
[11/15/2016 09:39:37] Wolf_Pack registered (UNCONFIRMED) with manu.farcy@gmail.com
[11/15/2016 10:00:46] Crews registered (UNCONFIRMED) with shirox405@gmail.com
[11/15/2016 10:03:15] Crews confirmed shirox405@gmail.com
[11/15/2016 10:34:06] Wolf_Pack confirmed manu.farcy@gmail.com
[11/15/2016 10:34:07] Wolf_Pack confirmed manu.farcy@gmail.com
[11/15/2016 11:39:31] LoneBatman registered (UNCONFIRMED) with venkata61@gmail.com
[11/15/2016 12:04:08] Snatch The Root registered (UNCONFIRMED) with snatchtheroot@gmail.com
[11/15/2016 12:04:32] Snatch The Root confirmed snatchtheroot@gmail.com
[11/15/2016 12:10:38] Aditya registered (UNCONFIRMED) with adi.ganti95@gmail.com
[11/15/2016 12:19:02] Aditya confirmed adi.ganti95@gmail.com
[11/15/2016 12:37:50] HeadHunter registered (UNCONFIRMED) with johann.zocken@gmail.com
[11/15/2016 12:38:12] HeadHunter confirmed johann.zocken@gmail.com
[11/15/2016 12:45:12] ronaldeddings registered (UNCONFIRMED) with ronaldeddings@gmail.com
[11/15/2016 12:45:32] ronaldeddings confirmed ronaldeddings@gmail.com
[11/15/2016 12:45:32] ronaldeddings confirmed ronaldeddings@gmail.com
[11/15/2016 13:24:30] LEGOFAN registered (UNCONFIRMED) with agrs.techteam@kbs.tu-berlin.de
[11/15/2016 13:24:48] LEGOFAN confirmed agrs.techteam@kbs.tu-berlin.de
[11/15/2016 13:25:27] pred registered (UNCONFIRMED) with kimur98@yahoo.com
[11/15/2016 13:26:38] pred confirmed kimur98@yahoo.com
[11/15/2016 13:27:01] LEGOFAN confirmed agrs.techteam@kbs.tu-berlin.de
[11/15/2016 13:34:39] Ella_Rose registered (UNCONFIRMED) with python_pride@protonmail.com
[11/15/2016 13:35:20] Ella_Rose confirmed python_pride@protonmail.com
[11/15/2016 13:44:31] 0x6679 registered (UNCONFIRMED) with kali.logic@gmail.com
[11/15/2016 13:44:37] 0x6679 confirmed kali.logic@gmail.com
[11/15/2016 13:44:43] 0x6679 confirmed kali.logic@gmail.com
[11/15/2016 13:52:39] azfreed registered (UNCONFIRMED) with azf1234@yahoo.com
[11/15/2016 13:54:48] heixiu registered (UNCONFIRMED) with hei.xiu@Live.cn
[11/15/2016 14:01:09] azfreed confirmed azf1234@yahoo.com
[11/15/2016 14:04:57] azfreed confirmed azf1234@yahoo.com
[11/15/2016 14:06:46] captn_nemo registered (UNCONFIRMED) with sanjaa@protonmail.ch
[11/15/2016 14:09:06] captn_nemo confirmed sanjaa@protonmail.ch
[11/15/2016 14:25:14] Colonel Panic registered (UNCONFIRMED) with jsalmon03@hotmail.co.uk
[11/15/2016 14:29:30] knightsec registered (UNCONFIRMED) with ctf@hackucf.org
[11/15/2016 14:29:41] knightsec confirmed ctf@hackucf.org
[11/15/2016 14:29:59] TJbalon registered (UNCONFIRMED) with balon@tangoservers.net
[11/15/2016 14:30:53] TJbalon confirmed balon@tangoservers.net
[11/15/2016 14:30:58] TJbalon confirmed balon@tangoservers.net
[11/15/2016 14:34:04] PoloGTIJaune registered (UNCONFIRMED) with b1d0446a082277622c7b3c1ab47e3d33@pologtijaune.pf
[11/15/2016 14:34:14] PoloGTIJaune confirmed b1d0446a082277622c7b3c1ab47e3d33@pologtijaune.pf
[11/15/2016 14:40:08] teknogeek registered (UNCONFIRMED) with jxm6968@rit.edu
[11/15/2016 14:44:22] teknogeek confirmed jxm6968@rit.edu
[11/15/2016 14:44:52] crw registered (UNCONFIRMED) with crashwind@yandex.ru
[11/15/2016 14:48:30] crw confirmed crashwind@yandex.ru
[11/15/2016 14:58:35] WWU Hackdown confirmed hackdownctf@wwu.de
[11/15/2016 15:13:40] Neko registered (UNCONFIRMED) with christoferboone@gmail.com
[11/15/2016 15:22:05] Neko confirmed christoferboone@gmail.com
[11/15/2016 16:03:45] Pwnies registered (UNCONFIRMED) with arahman@smu.edu
[11/15/2016 16:12:31] TBD confirmed bradhannah@me.com
[11/15/2016 16:15:37] orange registered (UNCONFIRMED) with kchungsp3@gmail.com
[11/15/2016 16:15:45] orange confirmed kchungsp3@gmail.com
[11/15/2016 16:21:05] Just Hit the Core registered (UNCONFIRMED) with e2.8a.95@gmail.com
[11/15/2016 16:36:48] Just Hit the Core confirmed e2.8a.95@gmail.com
[11/15/2016 16:41:25] n0de registered (UNCONFIRMED) with ctf.n0de@gmail.com
[11/15/2016 16:42:22] n0de confirmed ctf.n0de@gmail.com
[11/15/2016 16:45:35] ez4dan registered (UNCONFIRMED) with dmonte3210@gmail.com
[11/15/2016 16:46:26] ez4dan confirmed dmonte3210@gmail.com
[11/15/2016 17:02:48] Browniecow registered (UNCONFIRMED) with Socceralexis101@gmail.com
[11/15/2016 17:03:05] Browniecow confirmed socceralexis101@gmail.com
[11/15/2016 17:03:45] cje5361 registered (UNCONFIRMED) with cje5361@rit.edu
[11/15/2016 17:12:49] FahadAlharbi registered (UNCONFIRMED) with fahadalharbi255@gmail.com
[11/15/2016 17:13:03] FahadAlharbi confirmed fahadalharbi255@gmail.com
[11/15/2016 17:15:53] cje5361 confirmed cje5361@rit.edu
[11/15/2016 17:16:31] cje5361 confirmed cje5361@rit.edu
[11/15/2016 17:21:26] zamozd registered (UNCONFIRMED) with zamo.zd@gmail.com
[11/15/2016 17:27:18] zamozd confirmed zamo.zd@gmail.com
[11/15/2016 17:39:45] acs1896 registered (UNCONFIRMED) with acs1896@rit.edu
[11/15/2016 17:40:06] Ferrari1492 registered (UNCONFIRMED) with Jxf9385@gmail.com
[11/15/2016 17:40:50] Ferrari458 registered (UNCONFIRMED) with Jxf9385@rit.edu
[11/15/2016 17:42:42] kameryntaylor registered (UNCONFIRMED) with kamerynjanai@hotmail.com
[11/15/2016 17:43:58] Ferrari458 confirmed jxf9385@rit.edu
[11/15/2016 17:44:10] Ferrari458 confirmed jxf9385@rit.edu
[11/15/2016 17:44:31] kameryntaylor confirmed kamerynjanai@hotmail.com
[11/15/2016 17:50:29] derp registered (UNCONFIRMED) with taylorelledge@hotmail.com
[11/15/2016 17:51:01] derp confirmed taylorelledge@hotmail.com
[11/15/2016 18:04:32] phsst registered (UNCONFIRMED) with chingyuan.alex@gmail.com
[11/15/2016 18:12:27] juhjoo registered (UNCONFIRMED) with juhjoo@naver.com
[11/15/2016 18:12:46] juhjoo confirmed juhjoo@naver.com
[11/15/2016 18:19:42] phsst confirmed chingyuan.alex@gmail.com
[11/15/2016 18:20:00] phsst confirmed chingyuan.alex@gmail.com
[11/15/2016 18:44:19] seb registered (UNCONFIRMED) with sebkies@gmail.com
[11/15/2016 18:44:42] seb confirmed sebkies@gmail.com
[11/15/2016 18:57:58] dfc registered (UNCONFIRMED) with digitalfightclub2013@gmail.com
[11/15/2016 19:03:48] heixiu confirmed hei.xiu@live.cn
[11/15/2016 19:58:39] blackbunny registered (UNCONFIRMED) with blackbunny.contact@gmail.com
[11/15/2016 19:58:57] blackbunny confirmed blackbunny.contact@gmail.com
[11/15/2016 20:04:00] pickle registered (UNCONFIRMED) with pickectf@gmail.com
[11/15/2016 20:04:59] ak42 registered (UNCONFIRMED) with ak42@mg.blackbunny.io
[11/15/2016 20:05:18] pickle confirmed pickectf@gmail.com
[11/15/2016 20:05:23] ak42 confirmed ak42@mg.blackbunny.io
[11/15/2016 20:15:38] delici0us registered (UNCONFIRMED) with mjc4949@rit.edu
[11/15/2016 20:16:02] delici0us confirmed mjc4949@rit.edu
[11/15/2016 20:16:08] delici0us confirmed mjc4949@rit.edu
[11/15/2016 20:55:02] astrickling registered (UNCONFIRMED) with astrickling@uaschools.org
[11/15/2016 20:55:04] astrickling confirmed astrickling@uaschools.org
[11/15/2016 20:59:46] astrickling2 registered (UNCONFIRMED) with audrey.strickling@gmail.com
[11/15/2016 21:00:04] astrickling2 confirmed audrey.strickling@gmail.com
[11/15/2016 21:05:12] astrickling confirmed astrickling@uaschools.org
[11/15/2016 21:18:04] spacecatz registered (UNCONFIRMED) with sohle@wwu.edu
[11/15/2016 21:19:56] spacecatz confirmed sohle@wwu.edu
[11/15/2016 21:20:20] astrickling confirmed astrickling@uaschools.org
[11/15/2016 21:36:57] art852 registered (UNCONFIRMED) with austin.r.tipton@gmail.com
[11/15/2016 21:37:23] art852 confirmed austin.r.tipton@gmail.com
[11/15/2016 21:50:23] ROOKS registered (UNCONFIRMED) with letsrollusafa11@gmail.com
[11/15/2016 21:50:25] astrickling confirmed astrickling@uaschools.org
[11/15/2016 21:50:37] ROOKS confirmed letsrollusafa11@gmail.com
[11/15/2016 21:50:40] TShank227 registered (UNCONFIRMED) with trs5887@gmail.com
[11/15/2016 21:56:02] TShank registered (UNCONFIRMED) with trs5887@rit.edu
[11/15/2016 21:56:27] TShank confirmed trs5887@rit.edu
[11/15/2016 22:10:34] catg registered (UNCONFIRMED) with catg@protonmail.com
[11/15/2016 22:12:15] catg confirmed catg@protonmail.com
[11/15/2016 22:12:36] catg confirmed catg@protonmail.com
[11/15/2016 22:12:51] catg confirmed catg@protonmail.com
[11/15/2016 22:18:26] SJPSQTGN registered (UNCONFIRMED) with eric-sz@139.com
[11/15/2016 22:27:38] Debiant registered (UNCONFIRMED) with Debiant@protonmail.com
[11/15/2016 22:28:26] Debiant confirmed debiant@protonmail.com
[11/15/2016 22:32:46] derp confirmed taylorelledge@hotmail.com
[11/15/2016 22:33:14] dfc confirmed digitalfightclub2013@gmail.com
[11/15/2016 22:50:29] astrickling confirmed astrickling@uaschools.org
[11/15/2016 23:34:52] Ye registered (UNCONFIRMED) with kiorg1473@naver.com
[11/15/2016 23:35:23] Ye confirmed kiorg1473@naver.com
[11/16/2016 00:02:33] LoneBatman confirmed venkata61@gmail.com
[11/16/2016 00:21:17] Pwnies confirmed anrah16@gmail.com
[11/16/2016 00:38:52] gh0st registered (UNCONFIRMED) with simonldl@live.cn
[11/16/2016 00:39:18] gh0st confirmed simonldl@live.cn
[11/16/2016 00:50:33] astrickling confirmed astrickling@uaschools.org
[11/16/2016 01:46:52] APapc registered (UNCONFIRMED) with asatomo5310@gmail.com
[11/16/2016 01:51:54] APapc confirmed asatomo5310@gmail.com
[11/16/2016 01:57:44] APapc confirmed asatomo5310@gmail.com
[11/16/2016 02:58:40] 0xD13A registered (UNCONFIRMED) with 0xd13a@gmail.com
[11/16/2016 03:00:24] 0xD13A confirmed 0xd13a@gmail.com
[11/16/2016 03:00:27] 0xD13A confirmed 0xd13a@gmail.com
[11/16/2016 03:00:27] 0xD13A confirmed 0xd13a@gmail.com
[11/16/2016 03:29:34] m3liot registered (UNCONFIRMED) with meliot@protonmail.com
[11/16/2016 03:30:41] m3liot confirmed meliot@protonmail.com
[11/16/2016 04:00:45] Aditya confirmed adi.ganti95@gmail.com
[11/16/2016 04:50:46] astrickling confirmed astrickling@uaschools.org
[11/16/2016 05:34:26] theBBB registered (UNCONFIRMED) with poppin.calcz@gmail.com
[11/16/2016 05:34:40] theBBB confirmed poppin.calcz@gmail.com
[11/16/2016 06:24:50] undercraft registered (UNCONFIRMED) with undercraftse@hotmail.com
[11/16/2016 06:26:17] undercraft confirmed undercraftse@hotmail.com
[11/16/2016 06:33:47] Balsn registered (UNCONFIRMED) with balsn2015@gmail.com
[11/16/2016 06:34:04] Balsn confirmed balsn2015@gmail.com
[11/16/2016 06:44:25] f1rst_time registered (UNCONFIRMED) with f1rst.hack@yandex.ru
[11/16/2016 06:44:59] f1rst_time confirmed f1rst.hack@yandex.ru
[11/16/2016 06:52:20] f1rst_time confirmed f1rst.hack@yandex.ru
[11/16/2016 06:52:46] f1rst_time confirmed f1rst.hack@yandex.ru
[11/16/2016 07:10:32] headwind registered (UNCONFIRMED) with gdmmlhw@gmail.com
[11/16/2016 07:12:06] headwind confirmed gdmmlhw@gmail.com
[11/16/2016 07:12:21] headwind confirmed gdmmlhw@gmail.com
[11/16/2016 07:16:36] ir0 registered (UNCONFIRMED) with irohaumikawa@gmail.com
[11/16/2016 07:18:37] mrtc0 registered (UNCONFIRMED) with mrtc0.py@gmail.com
[11/16/2016 07:28:53] tomori registered (UNCONFIRMED) with shiftx1026@gmail.com
[11/16/2016 07:29:55] tomori confirmed shiftx1026@gmail.com
[11/16/2016 07:39:57] Clink123 registered (UNCONFIRMED) with jamie.lepone@gmail.com
[11/16/2016 08:06:47] hihi registered (UNCONFIRMED) with hiwang123@gmail.com
[11/16/2016 08:12:45] yakutasito registered (UNCONFIRMED) with doumousagidesu7@gmail.com
[11/16/2016 08:14:07] yakutasito confirmed doumousagidesu7@gmail.com
[11/16/2016 08:25:34] hihi confirmed hiwang123@gmail.com
[11/16/2016 08:33:15] C-Shells registered (UNCONFIRMED) with ctfutd@gmail.com
[11/16/2016 08:33:49] C-Shells confirmed ctfutd@gmail.com
[11/16/2016 08:51:01] astrickling confirmed astrickling@uaschools.org
[11/16/2016 09:11:47] krx registered (UNCONFIRMED) with elfark@rpi.edu
[11/16/2016 09:12:59] krx confirmed elfark@rpi.edu
[11/16/2016 09:26:05] vrnn70 registered (UNCONFIRMED) with vn6103@g.rit.edu
[11/16/2016 09:51:32] elitest registered (UNCONFIRMED) with dcypherd@gmail.com
[11/16/2016 09:52:10] elitest confirmed dcypherd@gmail.com
[11/16/2016 10:03:37] lwc registered (UNCONFIRMED) with ms0472904@gmail.com
[11/16/2016 10:04:18] lwc confirmed ms0472904@gmail.com
[11/16/2016 10:41:30] Efiens registered (UNCONFIRMED) with efiens.ctf@gmail.com
[11/16/2016 10:42:54] vlllo registered (UNCONFIRMED) with vlllo@protonmail.com
[11/16/2016 10:45:14] vlllo confirmed vlllo@protonmail.com
[11/16/2016 10:45:17] vlllo confirmed vlllo@protonmail.com
[11/16/2016 10:56:21] .globlHax registered (UNCONFIRMED) with dotgloblhax@gmail.com
[11/16/2016 10:57:45] Efiens confirmed efiens.ctf@gmail.com
[11/16/2016 11:15:34] limbo282 registered (UNCONFIRMED) with looper1613@yandex.ru
[11/16/2016 11:19:07] limbo282 confirmed looper1613@yandex.ru
[11/16/2016 11:25:01] preceq registered (UNCONFIRMED) with mk@mkapps.org
[11/16/2016 11:28:20] preceq confirmed mk@mkapps.org
[11/16/2016 11:31:47] lanuma registered (UNCONFIRMED) with lanuma.angga@gmail.com
[11/16/2016 11:32:48] lanuma confirmed lanuma.angga@gmail.com
[11/16/2016 11:50:54] specx registered (UNCONFIRMED) with umutoztunc@gmail.com
[11/16/2016 11:51:04] specx confirmed umutoztunc@gmail.com
[11/16/2016 13:05:17] fishNchips92 registered (UNCONFIRMED) with rk5901@g.rit.edu
[11/16/2016 15:12:23] sxl1267 registered (UNCONFIRMED) with sxl1267@rit.edu
[11/16/2016 15:12:54] sxl1267 confirmed sxl1267@rit.edu
[11/16/2016 15:16:04] astrickling2 confirmed audrey.strickling@gmail.com
[11/16/2016 15:20:26] rfrank27 registered (UNCONFIRMED) with rlf3208@rit.edu
[11/16/2016 15:22:52] F**k it we are doing this live confirmed sxl1267@rit.edu
[11/16/2016 15:35:03] WizardsOfDos registered (UNCONFIRMED) with contact@wizardsofdos.de
[11/16/2016 15:37:24] Tungsten registered (UNCONFIRMED) with will.nilges@gmail.com
[11/16/2016 15:41:37] Tungsten confirmed will.nilges@gmail.com
[11/16/2016 15:42:20] WizardsOfDos confirmed contact@wizardsofdos.de
[11/16/2016 15:54:54] Fourchette Bombe registered (UNCONFIRMED) with 0xerr0r@gmail.com
[11/16/2016 16:01:33] TXST-CS registered (UNCONFIRMED) with carlos.cs.txst@gmail.com
[11/16/2016 16:01:44] TXST-CS confirmed carlos.cs.txst@gmail.com
[11/16/2016 16:01:59] Fourchette Bombe confirmed 0xerr0r@gmail.com
[11/16/2016 16:02:14] Fourchette Bombe confirmed 0xerr0r@gmail.com
[11/16/2016 16:02:18] Fourchette Bombe confirmed 0xerr0r@gmail.com
[11/16/2016 16:03:54] jstavridis registered (UNCONFIRMED) with jstavridisbears@gmail.com
[11/16/2016 16:04:13] jstavridis confirmed jstavridisbears@gmail.com
[11/16/2016 16:04:45] Ghost_32 registered (UNCONFIRMED) with Ghost_32@mail.ru
[11/16/2016 16:05:02] Ghost_32 confirmed ghost_32@mail.ru
[11/16/2016 16:05:04] tdiblasi registered (UNCONFIRMED) with tdiblasi@uaschools.org
[11/16/2016 16:05:15] tdiblasi confirmed tdiblasi@uaschools.org
[11/16/2016 16:06:48] BaldRunners registered (UNCONFIRMED) with baldrunners@gmail.com
[11/16/2016 16:06:59] BaldRunners confirmed baldrunners@gmail.com
[11/16/2016 16:07:41] Faker registered (UNCONFIRMED) with jaecho20@gmail.com
[11/16/2016 16:07:45] AidanG registered (UNCONFIRMED) with Aidan.glickman@gmail.com
[11/16/2016 16:08:03] micpin19 registered (UNCONFIRMED) with micpin19@gmail.com
[11/16/2016 16:08:08] AidanG confirmed aidan.glickman@gmail.com
[11/16/2016 16:08:13] niclev20 registered (UNCONFIRMED) with niclev20@bergen.org
[11/16/2016 16:08:22] micpin19 confirmed micpin19@gmail.com
[11/16/2016 16:08:26] dknj11903 registered (UNCONFIRMED) with kris.pursiainen@gmail.com
[11/16/2016 16:08:29] niclev20 confirmed niclev20@bergen.org
[11/16/2016 16:08:36] dknj11903 confirmed kris.pursiainen@gmail.com
[11/16/2016 16:09:05] hrhm registered (UNCONFIRMED) with harpar19@bergen.org
[11/16/2016 16:09:09] grelat20 registered (UNCONFIRMED) with grelat20@bergen.org
[11/16/2016 16:09:13] Rossi740 registered (UNCONFIRMED) with rzn3102@gmail.com
[11/16/2016 16:09:14] Mid Fekar registered (UNCONFIRMED) with jaecho20@bergen.org
[11/16/2016 16:09:25] dknj11902 registered (UNCONFIRMED) with alekat20@bergen.org
[11/16/2016 16:09:27] grelat20 confirmed grelat20@bergen.org
[11/16/2016 16:09:27] Rossi740 confirmed rzn3102@gmail.com
[11/16/2016 16:09:39] dknj11902 confirmed alekat20@bergen.org
[11/16/2016 16:10:04] daniellacalle registered (UNCONFIRMED) with dancal20@bergen.org
[11/16/2016 16:10:27] larryboy825 registered (UNCONFIRMED) with asianpride825@gmail.com
[11/16/2016 16:15:19] tdiblasi confirmed tdiblasi@uaschools.org
[11/16/2016 16:20:18] F**k it we are doing this live confirmed sxl1267@rit.edu
[11/16/2016 16:23:30] F**k it we are doing this live confirmed sxl1267@rit.edu
[11/16/2016 16:25:18] F**k it we are doing this live confirmed sxl1267@rit.edu
[11/16/2016 16:25:56] F**k it we are doing this live confirmed sxl1267@rit.edu
[11/16/2016 16:26:02] F**k it we are doing this live confirmed sxl1267@rit.edu
[11/16/2016 16:30:45] tdiblasi confirmed tdiblasi@uaschools.org
[11/16/2016 16:55:46] C43S4RS registered (UNCONFIRMED) with jdangosto@segfault.es
[11/16/2016 16:57:25] C43S4RS confirmed jdangosto@segfault.es
[11/16/2016 17:03:04] tdiblasi confirmed tdiblasi@uaschools.org
[11/16/2016 17:09:19] BackPocket confirmed bmcgowan32@gmail.com
[11/16/2016 17:26:33] r00tacc3ss confirmed rootpentesting@gmail.com
[11/16/2016 18:03:08] tdiblasi confirmed tdiblasi@uaschools.org
[11/16/2016 18:05:36] daniellacalle confirmed dancal20@bergen.org
[11/16/2016 18:08:33] AlexKatoIsAThief registered (UNCONFIRMED) with dknj11902@gmail.com
[11/16/2016 18:09:22] AlexKatoIsAThief confirmed dknj11902@gmail.com
[11/16/2016 18:48:34] Lite_Metal_Wombat registered (UNCONFIRMED) with litemetalwombat@gmail.com
[11/16/2016 18:48:46] Lite_Metal_Wombat confirmed litemetalwombat@gmail.com
[11/16/2016 19:01:24] z3r0n8 registered (UNCONFIRMED) with contact@aminecherrai.com
[11/16/2016 19:01:32] z3r0n8 confirmed contact@aminecherrai.com
[11/16/2016 19:07:06] dfc confirmed digitalfightclub2013@gmail.com
[11/16/2016 19:19:08] Clink123 confirmed jamie.lepone@gmail.com
[11/16/2016 19:23:39] rtk registered (UNCONFIRMED) with evergreenexploit@gmail.com
[11/16/2016 19:24:13] rtk confirmed evergreenexploit@gmail.com
[11/16/2016 19:40:13] testdummy registered (UNCONFIRMED) with sti86500@noicd.com
[11/16/2016 19:40:30] testdummy confirmed sti86500@noicd.com
[11/16/2016 19:44:12] aldo_k registered (UNCONFIRMED) with akarendra835@gmail.com
[11/16/2016 19:44:20] aldo_k confirmed akarendra835@gmail.com
[11/16/2016 20:03:30] tdiblasi confirmed tdiblasi@uaschools.org
[11/16/2016 20:37:54] Neolex registered (UNCONFIRMED) with neolex@email.com
[11/16/2016 20:38:05] Neolex confirmed neolex@email.com
[11/16/2016 20:59:30] var registered (UNCONFIRMED) with vrnn70@gmail.com
[11/16/2016 21:00:07] var confirmed vrnn70@gmail.com
[11/16/2016 21:03:10] hackability registered (UNCONFIRMED) with hackability@naver.com
[11/16/2016 21:03:26] hackability confirmed hackability@naver.com
[11/16/2016 21:20:17] PittCyberSec registered (UNCONFIRMED) with syd6@pitt.edu
[11/16/2016 21:23:26] HypeTrain46 registered (UNCONFIRMED) with oragamimax@gmail.com
[11/16/2016 21:23:41] HypeTrain46 confirmed oragamimax@gmail.com
[11/16/2016 21:28:19] cls9704 registered (UNCONFIRMED) with cls9704@rit.edu
[11/16/2016 21:39:39] jbz confirmed jbzteam@outlook.com
[11/16/2016 21:45:53] cls9704 confirmed cls9704@rit.edu
[11/16/2016 23:06:28] Exception registered (UNCONFIRMED) with vbif20151@Gmail.com
[11/16/2016 23:07:11] Exception confirmed vbif20151@gmail.com
[11/16/2016 23:31:02] BaldEagle1776 registered (UNCONFIRMED) with anthony.phillips2@rockets.utoledo.edu
[11/16/2016 23:33:13] BaldEagle1776 confirmed anthony.phillips2@rockets.utoledo.edu
[11/17/2016 00:02:55] rocklee registered (UNCONFIRMED) with saraguru2013@gmail.com
[11/17/2016 00:03:28] rocklee confirmed saraguru2013@gmail.com
[11/17/2016 00:03:42] tdiblasi confirmed tdiblasi@uaschools.org
[11/17/2016 00:05:52] Migdalo registered (UNCONFIRMED) with veramora@hush.ai
[11/17/2016 00:06:14] Migdalo confirmed veramora@hush.ai
[11/17/2016 01:02:19] jsutset registered (UNCONFIRMED) with sunsetdzz@gmail.com
[11/17/2016 01:05:30] jsutset confirmed sunsetdzz@gmail.com
[11/17/2016 01:42:35] bbiiggppiigg registered (UNCONFIRMED) with bbiiggppiigg@gmail.com
[11/17/2016 01:42:43] bbiiggppiigg confirmed bbiiggppiigg@gmail.com
[11/17/2016 01:45:24] Xinra registered (UNCONFIRMED) with xinra17@gmail.com
[11/17/2016 01:45:39] Xinra confirmed xinra17@gmail.com
[11/17/2016 02:22:44] AsssassiNOPs confirmed asssassinops@gmail.com
[11/17/2016 02:31:16] bt_ctf registered (UNCONFIRMED) with hust.qy@gmail.com
[11/17/2016 02:31:46] bt_ctf confirmed hust.qy@gmail.com
[11/17/2016 04:03:50] tdiblasi confirmed tdiblasi@uaschools.org
[11/17/2016 04:04:57] powerprove registered (UNCONFIRMED) with blanknhide@naver.com
[11/17/2016 04:05:50] powerprove confirmed blanknhide@naver.com
[11/17/2016 04:08:23] best_pwn3r registered (UNCONFIRMED) with gee8195@naver.com
[11/17/2016 04:46:18] Maltack registered (UNCONFIRMED) with hipiranha@gmail.com
[11/17/2016 05:01:27] w0lfd registered (UNCONFIRMED) with daemonx@maildrop.cc
[11/17/2016 05:02:31] wolfd registered (UNCONFIRMED) with D-2iroqzer@maildrop.cc
[11/17/2016 05:03:00] w0lfd confirmed daemonx@maildrop.cc
[11/17/2016 05:03:44] wolfd confirmed d-2iroqzer@maildrop.cc
[11/17/2016 05:28:17] bjay1412 registered (UNCONFIRMED) with bjay1412@gmail.com
[11/17/2016 05:29:21] bjay1412 confirmed bjay1412@gmail.com
[11/17/2016 05:57:25] err0r-451 confirmed team@err0r-451.ru
[11/17/2016 06:09:27] Maltack confirmed hipiranha@gmail.com
[11/17/2016 06:26:20] strayapanda registered (UNCONFIRMED) with strayapanda@gmail.com
[11/17/2016 06:30:26] unusername registered (UNCONFIRMED) with razvan.smail@gmail.com
[11/17/2016 06:43:56] unusername confirmed razvan.smail@gmail.com
[11/17/2016 06:46:29] KS4 confirmed ktmanyb@gmail.com
[11/17/2016 07:02:21] rocklee confirmed saraguru2013@gmail.com
[11/17/2016 07:26:19] hrhm confirmed harpar19@bergen.org
[11/17/2016 08:04:31] aboudster registered (UNCONFIRMED) with abdrai19@bergen.org
[11/17/2016 08:05:06] aboudster confirmed abdrai19@bergen.org
[11/17/2016 08:18:17] iceman registered (UNCONFIRMED) with anybodyhack@gmail.com
[11/17/2016 08:49:56] n0Sk!LL registered (UNCONFIRMED) with phamdien95hyhy@gmail.com
[11/17/2016 08:50:28] n0Sk!LL confirmed phamdien95hyhy@gmail.com
[11/17/2016 10:17:40] rageinyoface registered (UNCONFIRMED) with jasonsigman@ymail.com
[11/17/2016 10:18:21] rageinyoface confirmed jasonsigman@ymail.com
[11/17/2016 10:19:31] fr0zn registered (UNCONFIRMED) with fr0zn22@gmail.com
[11/17/2016 10:20:12] rageinyoface confirmed jasonsigman@ymail.com
[11/17/2016 10:39:50] inspired registered (UNCONFIRMED) with ijsmith@tuta.io
[11/17/2016 10:40:20] inspired confirmed ijsmith@tuta.io
[11/17/2016 10:50:32] rageinyoface confirmed jasonsigman@ymail.com
[11/17/2016 10:50:33] rageinyoface confirmed jasonsigman@ymail.com
[11/17/2016 10:50:33] rageinyoface confirmed jasonsigman@ymail.com
[11/17/2016 10:52:05] patulskitime registered (UNCONFIRMED) with rwp7402@rit.edu
[11/17/2016 10:58:59] rageinyoface confirmed jasonsigman@ymail.com
[11/17/2016 11:05:22] Michael9127 registered (UNCONFIRMED) with mcb5686@rit.edu
[11/17/2016 11:06:21] rageinyoface confirmed jasonsigman@ymail.com
[11/17/2016 11:57:39] fr0zn confirmed fr0zn22@gmail.com
[11/17/2016 12:09:47] kerberint registered (UNCONFIRMED) with kerberint@gmail.com
[11/17/2016 12:34:04] PittCyberSec confirmed syd6@pitt.edu
[11/17/2016 12:50:08] xhockey5 registered (UNCONFIRMED) with xhockey5@gmail.com
[11/17/2016 12:50:27] xhockey5 confirmed xhockey5@gmail.com
[11/17/2016 13:02:26] GGWP registered (UNCONFIRMED) with chalpop96@gmail.com
[11/17/2016 13:03:20] GGWP confirmed chalpop96@gmail.com
[11/17/2016 13:09:42] glaros registered (UNCONFIRMED) with blackkoffas@hotmail.com
[11/17/2016 13:10:05] glaros confirmed blackkoffas@hotmail.com
[11/17/2016 13:20:54] kristen registered (UNCONFIRMED) with kmt5215@rit.edu
[11/17/2016 13:22:15] kristen confirmed kmt5215@rit.edu
[11/17/2016 13:27:00] beefboolean registered (UNCONFIRMED) with ben@benjaminjones.me
[11/17/2016 13:27:11] beefboolean confirmed ben@benjaminjones.me
[11/17/2016 13:43:28] sigint registered (UNCONFIRMED) with president@sigint.mx
[11/17/2016 13:44:53] KXTI2 registered (UNCONFIRMED) with lybka-s@mail.ru
[11/17/2016 13:45:25] KXTI2 confirmed lybka-s@mail.ru
[11/17/2016 13:46:28] sigint confirmed president@sigint.mx
[11/17/2016 13:50:17] sigint confirmed president@sigint.mx
[11/17/2016 14:39:44] cun confirmed carlos.guzmanp@cun.edu.co
[11/17/2016 14:47:17] ner0x652 registered (UNCONFIRMED) with cornel.punga@gmail.com
[11/17/2016 14:47:37] 2ndYearCyberStaffs registered (UNCONFIRMED) with dazzza@gmail.com
[11/17/2016 14:47:52] 2ndYearCyberStaffs confirmed dazzza@gmail.com
[11/17/2016 14:48:00] ner0x652 confirmed cornel.punga@gmail.com
[11/17/2016 14:55:43] C2 registered (UNCONFIRMED) with carlonec03@bbhcsd.org
[11/17/2016 14:55:49] C2 confirmed carlonec03@bbhcsd.org
[11/17/2016 15:18:48] cost6 registered (UNCONFIRMED) with v.zahnd@gmail.com
[11/17/2016 15:21:06] luxeria confirmed bigcyrill@hotmail.com
[11/17/2017 12:45:55] root registered (UNCONFIRMED) with worthbills@gmail.com
[11/17/2017 13:12:26] aidboh confirmed atb7249@rit.edu
[11/17/2017 13:15:29] aidboh confirmed atb7249@rit.edu
[11/17/2017 13:15:35] aidboh confirmed atb7249@rit.edu
[11/17/2017 13:23:28] thage95 registered (UNCONFIRMED) with ephuthepaladin@gmail.com
[11/17/2017 13:24:00] cryocyber registered (UNCONFIRMED) with qqiq2013@gmail.com
[11/17/2017 13:24:49] notRussian01 registered (UNCONFIRMED) with jamesuselessshit1@gmail.com
[11/17/2017 13:27:30] testtesttest registered (UNCONFIRMED) with testtesttest@mt2015.com
[11/17/2017 13:33:33] root confirmed worthbills@gmail.com
[11/17/2017 13:33:47] thage95 confirmed ephuthepaladin@gmail.com
[11/17/2017 13:34:57] bananakiller registered (UNCONFIRMED) with s952@mvrht.net
[11/17/2017 13:37:44] bananakiller confirmed s952@mvrht.net
[11/17/2017 13:39:52] notRussian01 confirmed jamesuselessshit1@gmail.com
[11/17/2017 13:45:23] xnada123 registered (UNCONFIRMED) with atao1080@gmail.com
[11/17/2017 13:45:39] jan0sik registered (UNCONFIRMED) with mtopo1@unh.newhaven.edu
[11/17/2017 13:45:51] szuro1 registered (UNCONFIRMED) with samuelzurowski@gmail.com
[11/17/2017 13:45:52] xnada123 confirmed atao1080@gmail.com
[11/17/2017 13:46:06] alexk registered (UNCONFIRMED) with ack7881@rit.edu
[11/17/2017 13:46:53] Likkrid registered (UNCONFIRMED) with bejaouiridha3@gmail.com
[11/17/2017 13:54:20] janosik registered (UNCONFIRMED) with matt@matttopor.com
[11/17/2017 13:54:40] lucky482 confirmed lucky48158@gmail.com
[11/17/2017 13:58:30] stressmaniac registered (UNCONFIRMED) with risalwi@ctemc.org
[11/17/2017 13:58:36] gqo registered (UNCONFIRMED) with ggf221@nyu.edu
[11/17/2017 14:01:01] abesangels registered (UNCONFIRMED) with abesangels@trash-mail.com
[11/17/2017 14:01:21] abesangels confirmed abesangels@trash-mail.com
[11/17/2017 14:05:16] rawsec registered (UNCONFIRMED) with cybersecurity@tutamail.com
[11/17/2017 14:06:33] gqo confirmed ggf221@nyu.edu
[11/17/2017 14:09:14] rtr266 confirmed rtr266@nyu.edu
[11/17/2017 14:09:41] nxb2253 confirmed nxb2253@rit.edu
[11/17/2017 14:13:10] stressmaniac confirmed risalwi@ctemc.org
[11/17/2017 14:15:53] MasonCC2 confirmed mbaile18@masonlive.gmu.edu
[11/17/2017 14:17:03] Thinker registered (UNCONFIRMED) with tlattomu@gmu.edu
[11/17/2017 14:17:06] mikebailey confirmed michael.bailey@crypsisgroup.com
[11/17/2017 14:18:36] playoff-rondo confirmed icecreampizza11@gmail.com
[11/17/2017 14:18:45] Thinker confirmed tlattomu@gmu.edu
[11/17/2017 14:24:36] yohan460 registered (UNCONFIRMED) with mcgwire.4@osu.edu
[11/17/2017 14:25:34] yohan460 confirmed mcgwire.4@osu.edu
[11/17/2017 14:28:22] CXB registered (UNCONFIRMED) with rzkwzmulb@emltmp.com
[11/17/2017 14:28:56] CXB confirmed rzkwzmulb@emltmp.com
[11/17/2017 14:29:17] lil chuk confirmed mb6004@nyu.edu
[11/17/2017 14:32:12] testtesttest confirmed testtesttest@mt2015.com
[11/17/2017 14:33:42] kst confirmed ks4829@rit.edu
[11/17/2017 14:43:47] ethicalevil registered (UNCONFIRMED) with ethicalevil@outlook.com
[11/17/2017 14:44:23] ethicalevil confirmed ethicalevil@outlook.com
[11/17/2017 14:48:42] Bojak registered (UNCONFIRMED) with jpb4616@rit.edu
[11/17/2017 14:48:58] Bojak confirmed jpb4616@rit.edu
[11/17/2017 14:52:56] slyr registered (UNCONFIRMED) with wailay@hotmail.fr
[11/17/2017 14:53:20] whatbatman registered (UNCONFIRMED) with whatbatman@protonmail.com
[11/17/2017 14:53:29] slyr confirmed wailay@hotmail.fr
[11/17/2017 14:59:27] jw4214 registered (UNCONFIRMED) with jw4214@nyu.edu
[11/17/2017 15:05:35] itor registered (UNCONFIRMED) with edmondson.edward@gmail.com
[11/17/2017 15:54:21] foob@r confirmed gasanov.ahmed@mail.ru
[11/17/2017 15:58:55] spirkey registered (UNCONFIRMED) with stevie1013@gmail.com
[11/17/2017 16:05:07] RPISEC confirmed contact@rpis.ec
[11/17/2017 16:15:34] Spectrum registered (UNCONFIRMED) with Austin.cr48@gmail.com
[11/17/2017 16:15:50] Spectrum confirmed austin.cr48@gmail.com
[11/17/2017 16:16:47] amma9cp registered (UNCONFIRMED) with amma9cp@gmail.com
[11/17/2017 16:17:33] amma9cp confirmed amma9cp@gmail.com
[11/17/2017 16:18:25] Buzz3d registered (UNCONFIRMED) with joshualaurencio@gmail.com
[11/17/2017 16:20:47] We_0wn_Y0u registered (UNCONFIRMED) with ctf@w0y.at
[11/17/2017 16:20:47] zeroAptitude confirmed zerodetail@gmail.com
[11/17/2017 16:24:08] RTeam registered (UNCONFIRMED) with gala-vadim@narod.ru
[11/17/2017 16:30:56] Boschko  confirmed olivierwebtech@gmail.com
[11/17/2017 16:31:16] dylmac15 registered (UNCONFIRMED) with dylan.maclellan@hotmail.com
[11/17/2017 16:55:37] michoebe confirmed mhoebe@gmail.com
[11/17/2017 17:07:51] ashnayr confirmed ryaneaste@live.com
[11/17/2017 17:15:04] xattam confirmed xattam1@yahoo.com
[11/17/2017 17:16:47] zipa registered (UNCONFIRMED) with zipa@protonmail.com
[11/17/2017 17:19:37] zosman registered (UNCONFIRMED) with zosman@gmu.edu
[11/17/2017 17:19:57] zipa confirmed zipa@protonmail.com
[11/17/2017 17:28:45] Otakon confirmed leonardohirata150@gmail.com
[11/17/2017 17:33:11] LordSmose registered (UNCONFIRMED) with mschools@masonlive.gmu.edu
[11/17/2017 17:38:24] Cimednap confirmed mah2941@rit.edu
[11/17/2017 17:45:34] dragonfruit registered (UNCONFIRMED) with js9202@nyu.edu
[11/17/2017 17:45:47] dragonfruit confirmed js9202@nyu.edu
[11/17/2017 17:50:55] bozlio registered (UNCONFIRMED) with d_kanov@abv.bg
[11/17/2017 17:54:42] bozlio confirmed d_kanov@abv.bg
[11/17/2017 17:57:03] gbosmacki confirmed keyreceiver1128@gmail.com
[11/17/2017 18:10:09] LostSushi confirmed jchrisley@gmail.com
[11/17/2017 18:15:45] Southpaw registered (UNCONFIRMED) with duncan.pf2@gmail.com
[11/17/2017 18:17:59] Otakon confirmed leonardohirata150@gmail.com
[11/17/2017 18:32:19] N00bSEc registered (UNCONFIRMED) with ash521@nyu.edu
[11/17/2017 18:32:32] N00bSEc confirmed ash521@nyu.edu
[11/17/2017 18:45:15] json-p confirmed jplummer@securitycompass.com
[11/17/2017 18:55:32] aedificatori registered (UNCONFIRMED) with aedificatori@uchicago.edu
[11/17/2017 18:55:39] aedificatori confirmed aedificatori@uchicago.edu
[11/17/2017 19:04:58] Polaris confirmed polaris@dispostable.com
[11/17/2017 19:09:50] N0b0dy registered (UNCONFIRMED) with seanhoulihan23@yahoo.com
[11/17/2017 19:10:07] N0b0dy confirmed seanhoulihan23@yahoo.com
[11/17/2017 19:35:05] elisachim registered (UNCONFIRMED) with elis.achim@yahoo.com
[11/17/2017 19:35:14] elisachim confirmed elis.achim@yahoo.com
[11/17/2017 19:54:01] ctong610 confirmed ctong610@gmail.com
[11/17/2017 19:58:19] its joke registered (UNCONFIRMED) with chingyuan.alex@gmail.com
[11/17/2017 19:58:27] its joke confirmed chingyuan.alex@gmail.com
[11/17/2017 20:02:37] ivan registered (UNCONFIRMED) with z.nasni@gmail.com
[11/17/2017 20:03:16] ivan confirmed z.nasni@gmail.com
[11/17/2017 20:05:57] kestrel registered (UNCONFIRMED) with brutan@masonlive.gmu.edu
[11/17/2017 20:23:40] spitfire registered (UNCONFIRMED) with spitfire94155@gmail.com
[11/17/2017 20:25:19] hm confirmed pizza_1274117@yahoo.co.jp
[11/17/2017 20:26:16] rayn0r registered (UNCONFIRMED) with jerry81591066@gmail.com
[11/17/2017 20:38:30] GLHF registered (UNCONFIRMED) with catlikemoney@gmail.com
[11/17/2017 20:38:58] GLHF confirmed catlikemoney@gmail.com
[11/17/2017 20:40:19] TacticalPenguin registered (UNCONFIRMED) with kevinj973@gmail.com
[11/17/2017 20:53:52] phucteam confirmed quanthitvit123@gmail.com
[11/17/2017 20:55:05] comeoncomeon registered (UNCONFIRMED) with chris@blocked.us
[11/17/2017 21:00:18] BINH registered (UNCONFIRMED) with binhhuynhvanquoc@gmail.com
[11/17/2017 21:07:59] Alamina registered (UNCONFIRMED) with 624543857@qq.com
[11/17/2017 21:10:30] Alamina confirmed 624543857@qq.com
[11/17/2017 21:11:38] Alamina confirmed 624543857@qq.com
[11/17/2017 21:14:49] wumb0 confirmed jgeigerm@gmail.com
[11/17/2017 21:29:23] reoky registered (UNCONFIRMED) with reoky1@gmail.com
[11/17/2017 21:34:34] joejoe2323 registered (UNCONFIRMED) with s43726@mvrht.net
[11/17/2017 21:57:41] NiftyMist registered (UNCONFIRMED) with dmitchell@iomaxis.com
[11/17/2017 22:01:05] ri5e registered (UNCONFIRMED) with ddltxj@sina.com
[11/17/2017 22:02:21] ri5e confirmed ddltxj@sina.com
[11/17/2017 22:05:52] dmitchell confirmed mdmitch92@gmail.com
[11/17/2017 22:14:07] Vasif registered (UNCONFIRMED) with liqifei1@gmail.com
[11/17/2017 22:14:22] Vasif confirmed liqifei1@gmail.com
[11/17/2017 22:14:38] swt02026 registered (UNCONFIRMED) with swt02026@gmail.com
[11/17/2017 22:22:23] rudedog confirmed bdavis9d@gmail.com
[11/17/2017 22:26:57] xt8080 confirmed xt8080@gmail.com
[11/17/2017 22:39:28] notes-bitch registered (UNCONFIRMED) with sxn6296@rit.edu
[11/17/2017 22:41:36] Serival confirmed the_fallen_seraph@hotmail.com
[11/17/2017 22:44:46] jsn-p confirmed jkplummer@gmail.com
[11/17/2017 22:46:22] No_Title registered (UNCONFIRMED) with sda4308@yahoo.com.tw
[11/17/2017 22:47:41] No_Title confirmed sda4308@yahoo.com.tw
[11/17/2017 22:52:24] succotash registered (UNCONFIRMED) with ng1355@nyu.edu
[11/17/2017 23:02:59] KXTI registered (UNCONFIRMED) with 1ismagil1@mail.ru
[11/17/2017 23:03:20] KXTI confirmed 1ismagil1@mail.ru
[11/17/2017 23:12:18] masoncc6 registered (UNCONFIRMED) with pbenoit@gmu.edu
[11/17/2017 23:17:56] UCCU confirmed vihagivomo@nezdiro.org
[11/17/2017 23:18:38] UCCU confirmed vihagivomo@nezdiro.org
[11/17/2017 23:19:11] Test Icicles registered (UNCONFIRMED) with teaticicles@googlegroups.com
[11/17/2017 23:19:59] teofanahg registered (UNCONFIRMED) with tah409@nyu.edu
[11/17/2017 23:20:40] TestIcicles registered (UNCONFIRMED) with testIcicles@googlegroups.com
[11/17/2017 23:22:45] EAT registered (UNCONFIRMED) with dyeat157@gmail.com
[11/17/2017 23:23:18] EAT confirmed dyeat157@gmail.com
[11/17/2017 23:27:03] TeamVolk registered (UNCONFIRMED) with lefes123@gmail.com
[11/17/2017 23:27:24] TeamVolk confirmed lefes123@gmail.com
[11/17/2017 23:43:30] Thomas confirmed pwnable.ctf@gmail.com
[11/17/2017 23:58:58] Sterls confirmed sramroach@gmail.com
[11/18/2017 00:11:35] z00m registered (UNCONFIRMED) with eroxa1604@gmail.com
[11/18/2017 00:11:41] kaibro confirmed w181496@gmail.com
[11/18/2017 00:12:00] z00m confirmed eroxa1604@gmail.com
[11/18/2017 00:18:33] scorpian confirmed matt@vmr-team.com
[11/18/2017 00:31:13] zer0 confirmed zer0@amail.club
[11/18/2017 00:31:39] qweqwe confirmed s56007@mvrht.net
[11/18/2017 00:46:20] Harekaze registered (UNCONFIRMED) with teamharekaze@gmail.com
[11/18/2017 00:46:59] Harekaze confirmed teamharekaze@gmail.com
[11/18/2017 00:47:14] Harekaze confirmed teamharekaze@gmail.com
[11/18/2017 00:52:27] Cmv1229 confirmed cmvanduyne@gmail.com
[11/18/2017 01:22:15] Cuckoo registered (UNCONFIRMED) with tt.test.0x01@gmail.com
[11/18/2017 01:24:43] BuildingAtom confirmed 84liadam@gmail.com
[11/18/2017 01:24:46] DreadedLama registered (UNCONFIRMED) with pushpenderyadav145@gmail.com
[11/18/2017 01:25:08] DreadedLama confirmed pushpenderyadav145@gmail.com
[11/18/2017 01:28:55] an0ne confirmed karthik.bhata7@gmail.com
[11/18/2017 01:36:46] hanto registered (UNCONFIRMED) with hidehiro.anto@gmail.com
[11/18/2017 01:39:44] hanto confirmed hidehiro.anto@gmail.com
[11/18/2017 01:41:42] phildragonbleu confirmed techno-phil91@hotmail.com
[11/18/2017 02:00:43] SharLike registered (UNCONFIRMED) with alexeybobin@mail.ru
[11/18/2017 02:04:03] paulinho confirmed xakerpaul@gmail.com
[11/18/2017 02:16:04] mooph registered (UNCONFIRMED) with svobo.c@gmail.com
[11/18/2017 02:16:17] mooph confirmed svobo.c@gmail.com
[11/18/2017 02:20:17] KXTI12 registered (UNCONFIRMED) with s62096@mvrht.net
[11/18/2017 02:20:38] KXTI12 confirmed s62096@mvrht.net
[11/18/2017 02:22:51] MIO1100 confirmed melnichenko739@mail.ru
[11/18/2017 02:24:24] TheSecondChance registered (UNCONFIRMED) with roenko.dv@gmail.com
[11/18/2017 02:24:47] makrixe registered (UNCONFIRMED) with maskim.popov99@mail.ru
[11/18/2017 02:27:33] Batya confirmed makxzm@gmail.com
[11/18/2017 02:29:22] __init__ registered (UNCONFIRMED) with spg349@nyu.edu
[11/18/2017 02:30:17] Likc registered (UNCONFIRMED) with ryabovdaniil97@gmail.com
[11/18/2017 02:30:18] __init__ confirmed spg349@nyu.edu
[11/18/2017 02:31:13] Tece registered (UNCONFIRMED) with tempo18tece@gmail.com
[11/18/2017 02:31:14] Likc confirmed ryabovdaniil97@gmail.com
[11/18/2017 02:31:48] Letx confirmed gpave.z11@gmail.com
[11/18/2017 02:36:05] Eidos registered (UNCONFIRMED) with e_briksin@mail.ru
[11/18/2017 02:36:05] Rota registered (UNCONFIRMED) with rotanish@mail.ru
[11/18/2017 02:51:30] HIGH confirmed hadi.hgh.91@gmail.com
[11/18/2017 03:00:22] pr0xy registered (UNCONFIRMED) with pr0xy.ctf@gmail.com
[11/18/2017 03:04:49] Trinity confirmed changochen1@gmail.com
[11/18/2017 03:13:37] TSIC registered (UNCONFIRMED) with sly@slycurity.de
[11/18/2017 03:18:07] legolas_bilbao confirmed legolas.klaitxu@gmail.com
[11/18/2017 03:23:20] N00B registered (UNCONFIRMED) with davide.guidolin99@gmail.com
[11/18/2017 03:24:07] N00B confirmed davide.guidolin99@gmail.com
[11/18/2017 03:37:29] 1234567890 registered (UNCONFIRMED) with arkaij@ro.ru
[11/18/2017 03:38:11] d34dc0d3 registered (UNCONFIRMED) with moveaxdecoded@gmail.com
[11/18/2017 03:54:59] testid confirmed slayer96@naver.com
[11/18/2017 04:07:17] FeDEX registered (UNCONFIRMED) with fineas.silaghi@gmail.com
[11/18/2017 04:08:22] FeDEX confirmed fineas.silaghi@gmail.com
[11/18/2017 04:13:01] f4kt0r confirmed prmdl@mail.ru
[11/18/2017 04:21:36] The Avenger confirmed mr.robot414@gmail.com
[11/18/2017 04:33:42] DOSuccess confirmed denialofsuccess@gmail.com
[11/18/2017 04:49:20] s3131212 confirmed s3131212@gmail.com
[11/18/2017 04:50:34] BrutalDeluxe registered (UNCONFIRMED) with tsugumo2004@gmail.com
[11/18/2017 04:51:00] t00nt00n registered (UNCONFIRMED) with t00n_t00n@openmailbox.org
[11/18/2017 04:52:31] t00nt00n confirmed t00n_t00n@openmailbox.org
[11/18/2017 04:54:46] SK-IT registered (UNCONFIRMED) with fiorix2002@gmail.com
[11/18/2017 04:55:07] SK-IT confirmed fiorix2002@gmail.com
[11/18/2017 05:16:07] rhama registered (UNCONFIRMED) with r4m@protonmail.com
[11/18/2017 05:16:12] nope registered (UNCONFIRMED) with faridkaiba@gmail.com
[11/18/2017 05:16:41] rhama confirmed r4m@protonmail.com
[11/18/2017 05:16:43] rhama confirmed r4m@protonmail.com
[11/18/2017 05:17:21] nope confirmed faridkaiba@gmail.com
[11/18/2017 05:19:04] sakramar registered (UNCONFIRMED) with s75027@mvrht.net
[11/18/2017 05:19:22] Server registered (UNCONFIRMED) with server.hv.02@gmail.com
[11/18/2017 05:19:42] sakramar confirmed s75027@mvrht.net
[11/18/2017 05:20:04] Server confirmed server.hv.02@gmail.com
[11/18/2017 05:26:59] CryptoCat registered (UNCONFIRMED) with cultofthedeadcarrot@outlook.com
[11/18/2017 05:27:18] CryptoCat confirmed cultofthedeadcarrot@outlook.com
[11/18/2017 05:29:08] itor confirmed edmondson.edward@gmail.com
[11/18/2017 05:31:55] chrisbex registered (UNCONFIRMED) with krzysztof.bonowicz@gmail.com
[11/18/2017 05:32:15] chrisbex confirmed krzysztof.bonowicz@gmail.com
[11/18/2017 05:39:16] p4p4l registered (UNCONFIRMED) with p4p4l@protonmail.com
[11/18/2017 05:39:29] cost5 registered (UNCONFIRMED) with v.zahnd@gmail.com
[11/18/2017 05:39:52] cost5 confirmed v.zahnd@gmail.com
[11/18/2017 05:40:01] p4p4l confirmed p4p4l@protonmail.com
[11/18/2017 05:50:51] h_sha confirmed parfaitayassor@gmail.com
[11/18/2017 06:17:50] gogia1 confirmed qatamadzegogi@gmail.com
[11/18/2017 06:22:34] pwned registered (UNCONFIRMED) with tisima@asorent.com
[11/18/2017 06:23:09] pwned confirmed tisima@asorent.com
[11/18/2017 06:25:33] TrashPanda confirmed bogdan335@hotmail.com
[11/18/2017 06:26:27] hAIXer registered (UNCONFIRMED) with haixer@gmx-topmail.de
[11/18/2017 06:28:25] null123 confirmed htht9673@gmail.com
[11/18/2017 06:32:54] 3n16m4 confirmed achrafdouss1994@gmail.com
[11/18/2017 06:35:02] nycticorax  confirmed martin.drab@email.cz
[11/18/2017 06:37:33] ov49babi4ka registered (UNCONFIRMED) with arkamar@atlas.cz
[11/18/2017 06:50:21] k3rnel_p4nic registered (UNCONFIRMED) with icm2016007@iiita.ac.in
[11/18/2017 06:52:07] Chouerr0 confirmed mmzuku.quality@gmail.com
[11/18/2017 07:08:33] kazkiti registered (UNCONFIRMED) with t@t.t
[11/18/2017 07:19:04] 0xf0rd registered (UNCONFIRMED) with initmail0x01@gmail.com
[11/18/2017 07:23:30] E7 confirmed s85329@mvrht.net
[11/18/2017 07:42:39] Digital Gladiators confirmed iamvignesh16@gmail.com
[11/18/2017 07:55:28] vimvaders registered (UNCONFIRMED) with vimvaders@gmail.com
[11/18/2017 07:59:13] rawsec confirmed cybersecurity@tutamail.com
[11/18/2017 08:03:52] dealloc registered (UNCONFIRMED) with wannes.gennar+rc3@gmail.com
[11/18/2017 08:10:35] Jinwoo confirmed whc8862@naver.com
[11/18/2017 08:16:26] codeaash registered (UNCONFIRMED) with codeaash@gmail.com
[11/18/2017 08:17:20] codeaash confirmed codeaash@gmail.com
[11/18/2017 08:19:41] Vicious_B0v1n3 confirmed vicious_b0v1n3@protonmail.com
[11/18/2017 08:25:26] Hoora confirmed hooratang@gmail.com
[11/18/2017 08:29:31] We_0wn_Y0u confirmed ctf@w0y.at
[11/18/2017 08:37:45] jinmo123 registered (UNCONFIRMED) with jinmoteam@gmail.com
[11/18/2017 08:38:44] glennb registered (UNCONFIRMED) with glenn.barrett@gmail.com
[11/18/2017 08:39:00] glennb confirmed glenn.barrett@gmail.com
[11/18/2017 09:07:01] gnsehfvlr registered (UNCONFIRMED) with gnsehfvlr@naver.com
[11/18/2017 09:16:59] 0x09610142 registered (UNCONFIRMED) with 0phidianxd@gmail.com
[11/18/2017 09:21:01] fransbuilder registered (UNCONFIRMED) with rickvgorp@home.nl
[11/18/2017 09:32:15] aaaaa11 registered (UNCONFIRMED) with s98104@mvrht.net
[11/18/2017 09:32:57] aaaaa11 confirmed s98104@mvrht.net
[11/18/2017 09:40:51] t4hu registered (UNCONFIRMED) with kopiarab1k4@gmail.com
[11/18/2017 09:41:04] t4hu confirmed kopiarab1k4@gmail.com
[11/18/2017 09:57:12] GanduBaccha confirmed rsm459@nyu.edu
[11/18/2017 10:34:58] pulsar confirmed p.magnetar@gmail.com
[11/18/2017 11:03:24] vanhelsing2 confirmed z.nasni1987@gmail.com
[11/18/2017 11:15:13] The Continental Army confirmed mv1418@nyu.edu
[11/18/2017 11:15:19] Iptior registered (UNCONFIRMED) with iptior@protonmail.com
[11/18/2017 11:25:28] Zeecka registered (UNCONFIRMED) with garridoallo@hotmail.fr
[11/18/2017 11:25:44] know confirmed rafaelplmartins@hotmail.com
[11/18/2017 11:26:24] Zeecka confirmed garridoallo@hotmail.fr
[11/18/2017 11:26:46] Nawakrel registered (UNCONFIRMED) with perso@ajanvier.fr
[11/18/2017 11:27:03] baoxaxi06 confirmed baoxaxi06@gmail.com
[11/18/2017 11:28:47] ganbaruTobi registered (UNCONFIRMED) with ganbaruTobi@gmail.com
[11/18/2017 11:33:51] whitecat registered (UNCONFIRMED) with opensystemsinterconnection@gmail.com
[11/18/2017 11:36:17] nguyendoanh confirmed zzkingsnow95zz@yahoo.com.vn
[11/18/2017 11:49:44] b4sh5i registered (UNCONFIRMED) with lolwinz@naver.com
[11/18/2017 11:50:29] b4sh5i confirmed lolwinz@naver.com
[11/18/2017 12:00:20] DEFKECH confirmed midbenr@gmail.com
[11/18/2017 12:05:07] Maki registered (UNCONFIRMED) with alan.marrec1@gmail.com
[11/18/2017 12:05:30] light registered (UNCONFIRMED) with ylight961@gmail.com
[11/18/2017 12:07:03] secdsm registered (UNCONFIRMED) with jeff559607@gmail.com
[11/18/2017 12:40:09] brendy_flannel confirmed blm4271@rit.edu
[11/18/2017 12:43:32] Allsafe confirmed allsafe.cyb3rs3curity@gmail.com
[11/18/2017 12:44:29] gse confirmed adam@nonemu.ninja
[11/18/2017 12:55:36] r00t registered (UNCONFIRMED) with sdhsroot@gmail.com
[11/18/2017 12:59:03] xshadowsert registered (UNCONFIRMED) with bahamaothmane@gmail.com
[11/18/2017 12:59:05] 0xBU confirmed ccpowers@bu.edu
[11/18/2017 12:59:30] Helithumper confirmed pduncan@knights.ucf.edu
[11/18/2017 13:01:33] xshadowsert confirmed bahamaothmane@gmail.com
[11/18/2017 13:02:41] notian registered (UNCONFIRMED) with ian.brown@utdallas.edu
[11/18/2017 13:04:18] 0xBU confirmed ccpowers@bu.edu
[11/18/2017 13:04:34] d1ph0m3 confirmed edouard.puel@gmail.com
[11/18/2017 13:05:10] 318br registered (UNCONFIRMED) with 318br@protonmail.ch
[11/18/2017 13:07:57] nnaiman registered (UNCONFIRMED) with njnaiman@comcast.net
[11/18/2017 13:09:53] F4C3 registered (UNCONFIRMED) with raexn0@gmail.com
[11/18/2017 13:10:59] F4C3 confirmed raexn0@gmail.com
[11/18/2017 13:14:04] 318br confirmed 318br@protonmail.ch
[11/18/2017 13:26:26] Zajt confirmed nykvistc@gmail.com
[11/18/2017 13:27:30] 0x34044 registered (UNCONFIRMED) with 0x34044@gmail.com
[11/18/2017 13:31:32] mehmetcalim registered (UNCONFIRMED) with deepnoisy@gmail.com
[11/18/2017 13:32:07] mehmetcalim confirmed deepnoisy@gmail.com
[11/18/2017 13:32:54] noobz registered (UNCONFIRMED) with jtheb09@gmail.com
[11/18/2017 13:33:05] noobz confirmed jtheb09@gmail.com
[11/18/2017 13:34:50] savedbythezsh confirmed savedbythezsh@gmail.com
[11/18/2017 13:35:01] CycleOfTheAbsurd confirmed alex7up42@gmail.com
[11/18/2017 13:48:38] jaydee confirmed jd2814@gmail.com
[11/18/2017 13:52:32] Quantumplation confirmed pi.lanningham@gmail.com
[11/18/2017 13:53:11] rogue_hr_dept registered (UNCONFIRMED) with phoebe@slub.co
[11/18/2017 13:53:54] rogue_hr_dept confirmed phoebe@slub.co
[11/18/2017 14:03:14] Dannydivito confirmed fieldsb1@sunyit.edu
[11/18/2017 14:18:07] VoidLegion registered (UNCONFIRMED) with alexandru.tp@gmail.com
[11/18/2017 14:19:00] someone confirmed ranberant@gmail.com
[11/18/2017 14:22:50] houseparty101 confirmed maxx.2018057@nv.ccsd.net
[11/18/2017 14:34:33] biffster registered (UNCONFIRMED) with lebiffster0x41@gmail.com
[11/18/2017 14:34:53] biffster confirmed lebiffster0x41@gmail.com
[11/18/2017 14:37:13] blackdemon confirmed assasinhak008@gmail.com
[11/18/2017 14:37:59] spyderp1g confirmed simonschoenegger1@gmail.com
[11/18/2017 14:39:19] guts registered (UNCONFIRMED) with bryjeannotte@gmail.com
[11/18/2017 14:47:57] hackallthethings registered (UNCONFIRMED) with stewart.olson@gmail.com
[11/18/2017 14:52:30] javox registered (UNCONFIRMED) with ipushino@gmail.com
[11/18/2017 14:54:12] ice_bear registered (UNCONFIRMED) with bercean.bogdan@yahoo.com
[11/18/2017 15:12:32] quokka confirmed ln831@nyu.edu
[11/18/2017 15:25:15] KXTI2640 registered (UNCONFIRMED) with aliya.gazina@yandex.ru
[11/18/2017 15:25:51] KXTI2640 confirmed aliya.gazina@yandex.ru
[11/18/2017 15:48:51] Null Space Labs registered (UNCONFIRMED) with nsl.ctfs@gmail.com
[11/18/2017 15:55:44] lapoire registered (UNCONFIRMED) with gwenpoire.44@gmail.com
[11/18/2017 15:56:44] lapoire confirmed gwenpoire.44@gmail.com
[11/18/2017 15:57:58] tnek registered (UNCONFIRMED) with tnekent@gmail.com
[11/18/2017 15:58:09] tnek confirmed tnekent@gmail.com
[11/18/2017 16:09:52] plusUltra registered (UNCONFIRMED) with jmpere1@umbc.edu
[11/18/2017 16:11:04] TeaScript confirmed mciara@bu.edu
[11/18/2017 16:11:10] TeaScript confirmed mciara@bu.edu
[11/18/2017 16:20:09] helpwanted registered (UNCONFIRMED) with helpwanted@sharklasers.com
[11/18/2017 16:24:14] polandball registered (UNCONFIRMED) with onielen@gmail.com
[11/18/2017 16:25:01] helpwanted confirmed helpwanted@sharklasers.com
[11/18/2017 16:27:04] polandball confirmed onielen@gmail.com
[11/18/2017 16:28:41] nsabeaver registered (UNCONFIRMED) with axp141330@utdallas.edu
[11/18/2017 16:35:09] PPP confirmed plaid.parliament.of.pwning@gmail.com
[11/18/2017 16:37:10] No Swear confirmed younesbenammou@gmail.com
[11/18/2017 17:11:48] #tnaket confirmed benyahya2013@gmail.com
[11/18/2017 17:31:04] Migdalo registered (UNCONFIRMED) with vian@protonmail.com
[11/18/2017 17:37:21] Thenewguy registered (UNCONFIRMED) with Woac502@mail.com
[11/18/2017 18:03:14] Pr0x3 confirmed yashdev18@gmail.com
[11/18/2017 18:20:01] nic confirmed yurocuz@datum2.com
[11/18/2017 18:21:49] shrey registered (UNCONFIRMED) with shreysahgal@gmail.com
[11/18/2017 18:49:49] 0 registered (UNCONFIRMED) with greatwinner49@gmail.com
[11/18/2017 18:51:57] 0 confirmed greatwinner49@gmail.com
[11/18/2017 18:55:32] nanxiang registered (UNCONFIRMED) with 473027263@qq.com
[11/18/2017 19:13:48] polandball confirmed onielen@gmail.com
[11/18/2017 19:32:54] None confirmed amine.farah95@gmail.com
[11/18/2017 19:59:39] slyr confirmed wailay@hotmail.fr
[11/18/2017 20:19:43] Waffleton DP registered (UNCONFIRMED) with s157614@mvrht.net
[11/18/2017 20:26:29] ss registered (UNCONFIRMED) with hutepamic@reftoken.net
[11/18/2017 20:28:26] ss confirmed hutepamic@reftoken.net
[11/18/2017 20:34:22] intermezzio confirmed pi_or_pie@yahoo.com
[11/18/2017 21:36:29] |L0N3_1| confirmed kalmite@gmail.com
[11/18/2017 21:43:33] dal3ksec registered (UNCONFIRMED) with dal3ksec@gmail.com
[11/18/2017 21:43:55] dal3ksec confirmed dal3ksec@gmail.com
[11/18/2017 21:48:05] polandball confirmed onielen@gmail.com
[11/18/2017 22:00:01] ShadowCats confirmed vitapluvia@gmail.com
[11/18/2017 22:18:05] redoblt registered (UNCONFIRMED) with swoo101367@gmail.com
[11/18/2017 22:38:31] WH0a registered (UNCONFIRMED) with mmgg0917@gmail.com
[11/18/2017 23:47:08] Maddiedlt registered (UNCONFIRMED) with Maddiedlt@aol.com
[11/18/2017 23:50:54] mario2323 registered (UNCONFIRMED) with uwj52417@kopqi.com
[11/19/2017 00:45:02] moonAgirl registered (UNCONFIRMED) with yanmumu1996@163.com
[11/19/2017 00:47:26] moonAgirl confirmed yanmumu1996@163.com
[11/19/2017 00:49:26] calebwatt15 confirmed calebwatt15@gmail.com
[11/19/2017 00:56:18] sicemedeets confirmed deadmanalive059@gmail.com
[11/19/2017 01:06:30] Akinari registered (UNCONFIRMED) with Andrians.aan@gmail.com
[11/19/2017 01:08:17] Akinari confirmed andrians.aan@gmail.com
[11/19/2017 01:37:45] hackbyr0k confirmed audwls73@naver.com
[11/19/2017 02:58:26] 1ns4n3 registered (UNCONFIRMED) with n4gb07@gmail.com
[11/19/2017 02:59:13] 1ns4n3 confirmed n4gb07@gmail.com
[11/19/2017 03:16:07] nonellldd registered (UNCONFIRMED) with btdungbk@gmail.com
[11/19/2017 03:17:34] nonellldd confirmed btdungbk@gmail.com
[11/19/2017 03:17:44] dar4 registered (UNCONFIRMED) with pitougar1@gmail.com
[11/19/2017 03:18:03] dar4 confirmed pitougar1@gmail.com
[11/19/2017 03:24:21] howpwn registered (UNCONFIRMED) with finn79426@gmail.com
[11/19/2017 03:24:32] howpwn confirmed finn79426@gmail.com
[11/19/2017 03:28:56] pbh7r! registered (UNCONFIRMED) with a@a.com
[11/19/2017 03:30:04] DrBot registered (UNCONFIRMED) with zofubiyihe@reftoken.net
[11/19/2017 03:30:25] DrBot confirmed zofubiyihe@reftoken.net
[11/19/2017 03:38:56] SUREDTEAM registered (UNCONFIRMED) with redteam+ctf@sabanciuniv.edu
[11/19/2017 03:42:59] ctfmatkabi confirmed kadireksi@sabanciuniv.edu
[11/19/2017 03:48:40] 0nS confirmed baha1000@hotmail.fr
[11/19/2017 04:08:16] 5Minutes confirmed sebbb.khack40@gmail.com
[11/19/2017 04:24:25] neolex registered (UNCONFIRMED) with neolex@email.com
[11/19/2017 04:24:33] neolex confirmed neolex@email.com
[11/19/2017 04:37:45] Rookuu registered (UNCONFIRMED) with Luke.r35@googlemail.com
[11/19/2017 05:20:15] Nanase confirmed kenw0ng@vxrl.org
[11/19/2017 05:25:12] dankest_squid registered (UNCONFIRMED) with leilanni.rhealynn@fxe.us
[11/19/2017 05:26:13] dankest_squid confirmed leilanni.rhealynn@fxe.us
[11/19/2017 05:42:34] lyc confirmed lyc2147483647@gmail.com
[11/19/2017 05:48:19] ARGOS registered (UNCONFIRMED) with 98nba@naver.com
[11/19/2017 05:48:32] ARGOS confirmed 98nba@naver.com
[11/19/2017 05:52:07] TmTs registered (UNCONFIRMED) with tmts@yopmail.com
[11/19/2017 05:53:38] blackout registered (UNCONFIRMED) with trade.lorenzo@gmail.com
[11/19/2017 05:54:25] blackout confirmed trade.lorenzo@gmail.com
[11/19/2017 06:05:29] 0x5eba registered (UNCONFIRMED) with sbiollo@gmail.com
[11/19/2017 06:06:12] 0x5eba confirmed sbiollo@gmail.com
[11/19/2017 06:28:35] CSI registered (UNCONFIRMED) with csi@tuta.io
[11/19/2017 06:29:50] CSI confirmed csi@tuta.io
[11/19/2017 07:11:40] lala registered (UNCONFIRMED) with conta_para_imprimirr@sapo.pt
[11/19/2017 07:11:53] VulnZlab registered (UNCONFIRMED) with abdel001nouiri@gmail.com
[11/19/2017 07:17:24] lala2 confirmed conta_para_imprimir@sapo.pt
[11/19/2017 07:25:14] VulnZlab confirmed abdel001nouiri@gmail.com
[11/19/2017 07:26:53] hehe registered (UNCONFIRMED) with hockkuanhk@gmail.com
[11/19/2017 07:32:10] msm registered (UNCONFIRMED) with msm@p4.team
[11/19/2017 07:32:25] msm confirmed msm@p4.team
[11/19/2017 07:37:33] tomriddle registered (UNCONFIRMED) with ihatechemistryy@gmail.com
[11/19/2017 07:50:17] fireandice registered (UNCONFIRMED) with thanhcongnguyen1995@gmail.com
[11/19/2017 07:53:47] jinsiben registered (UNCONFIRMED) with jinsiben@gmail.com
[11/19/2017 08:00:46] mjxaone registered (UNCONFIRMED) with jongmoon@hacksper.com
[11/19/2017 08:15:24] Bridgefour confirmed bridg3f0ur@gmail.com
[11/19/2017 08:22:01] lol confirmed shivsankarsuthar@gmail.com
[11/19/2017 08:33:57] onotch confirmed onotch.ctf@gmail.com
[11/19/2017 08:37:17] p1yu5h registered (UNCONFIRMED) with singhalpiyush12@gmail.com
[11/19/2017 08:37:31] p1yu5h confirmed singhalpiyush12@gmail.com
[11/19/2017 08:41:05] jsutset registered (UNCONFIRMED) with sunsetdzz@gmail.com
[11/19/2017 08:49:11] wund3rw4ffl3_team registered (UNCONFIRMED) with m.anfinogenov0@gmail.com
[11/19/2017 09:25:32] yuawn registered (UNCONFIRMED) with ssspeed00@gmail.com
[11/19/2017 09:36:18] sonar registered (UNCONFIRMED) with a2k97mk@gmail.com
[11/19/2017 09:52:36] polandball confirmed onielen@gmail.com
[11/19/2017 09:55:13] nguyenkhacbao confirmed baolkschool@gmail.com
[11/19/2017 09:55:29] sky_flakes confirmed jasonbreyes@gmail.com
[11/19/2017 10:13:48] boblawblob registered (UNCONFIRMED) with nonononono@riseup.net
[11/19/2017 10:14:15] boblawblob confirmed nonononono@riseup.net
[11/19/2017 10:14:29] groovylazer registered (UNCONFIRMED) with ctf3me+rc3@gmail.com
[11/19/2017 10:16:36] cFlowers registered (UNCONFIRMED) with fATwaer@gmail.com
[11/19/2017 10:29:08] SpectacleMan confirmed jengi.carmichael@gmail.com
[11/19/2017 10:32:02] Search Flag Agency registered (UNCONFIRMED) with searchflag@gmail.com
[11/19/2017 10:32:23] Search Flag Agency confirmed searchflag@gmail.com
[11/19/2017 10:33:08] ayam registered (UNCONFIRMED) with mohd_shahril_96@yahoo.com
[11/19/2017 10:36:05] michael registered (UNCONFIRMED) with michael@morphisec.com
[11/19/2017 10:36:17] michael confirmed michael@morphisec.com
[11/19/2017 10:37:21] typing registered (UNCONFIRMED) with xarulamim@gmail.com
[11/19/2017 10:38:47] OPT confirmed zyan198112@gmail.com
[11/19/2017 10:45:03] Society of Entropy confirmed adbforlife2018@gmail.com
[11/19/2017 10:47:18] Navi confirmed nm4ctf@gmail.com
[11/19/2017 10:52:23] Aegis registered (UNCONFIRMED) with dlwntjs65@gmail.com
[11/19/2017 10:56:48] groovylazer confirmed ctf3me@gmail.com
[11/19/2017 10:59:37] TeamAardvark confirmed ctf.team.aardvark@gmail.com
[11/19/2017 11:15:09] shashikiran registered (UNCONFIRMED) with shashikiranp13@gmail.com
[11/19/2017 11:20:49] khokho registered (UNCONFIRMED) with skhokhi@gmail.com
[11/19/2017 11:20:58] khokho confirmed skhokhi@gmail.com
[11/19/2017 11:24:48] vicio registered (UNCONFIRMED) with sodanny02@hotmail.com
[11/19/2017 11:25:45] vicio confirmed sodanny02@hotmail.com
[11/19/2017 11:38:44] holocircuit confirmed holocircuit@gmail.com
[11/19/2017 11:44:16] shiki7 confirmed bitmarche@gmail.com
[11/19/2017 11:48:44] ttran49 registered (UNCONFIRMED) with ttran49@masonlive.gmu.edu
[11/19/2017 11:49:15] ttran49 confirmed ttran49@masonlive.gmu.edu
[11/19/2017 11:55:54] bakkka registered (UNCONFIRMED) with takrachi@protonmail.com
[11/19/2017 11:59:09] john9988 registered (UNCONFIRMED) with ezareen67@gmail.com
[11/19/2017 12:00:03] john9988 confirmed ezareen67@gmail.com
[11/19/2017 12:03:06] w0n registered (UNCONFIRMED) with gmmep@pfui.ru
[11/19/2017 12:08:10] C0ldDog registered (UNCONFIRMED) with wooeong337@gmail.com
[11/19/2017 12:08:32] C0ldDog confirmed wooeong337@gmail.com
[11/19/2017 12:25:24] ctffun5050 confirmed s229989@mvrht.net
[11/19/2017 12:28:00] Pwnium registered (UNCONFIRMED) with maroueneboubakri@gmail.com
[11/19/2017 12:43:31] n1ckyr0m3r0 registered (UNCONFIRMED) with n1ckyr0m3r0br@gmail.com
[11/19/2017 12:43:49] n1ckyr0m3r0 confirmed n1ckyr0m3r0br@gmail.com
[11/19/2017 12:44:56] typh00n registered (UNCONFIRMED) with kaanezder@gmail.com
[11/19/2017 12:53:22] sasdf confirmed s232905@mvrht.net
[11/19/2017 12:58:34] loli registered (UNCONFIRMED) with failed.down@gmail.com
[11/19/2017 13:00:11] driver registered (UNCONFIRMED) with daniel.wilkins@nyu.edu
[11/19/2017 13:00:42] driver confirmed daniel.wilkins@nyu.edu
[11/19/2017 13:01:59] yoplait confirmed yohan_21@hotmail.fr
[11/19/2017 13:02:02] yoplait confirmed yohan_21@hotmail.fr
[11/19/2017 13:27:04] Skylar confirmed skyangelxd@gmail.com
[11/19/2017 14:39:48] yo-yo-james registered (UNCONFIRMED) with james@gmail.com
[11/19/2017 14:40:11] Neutrino_Cannon confirmed keramas@protonmail.com
[11/19/2017 14:40:17] jamey123 registered (UNCONFIRMED) with 93rqcn+e3iralkuai3k@sharklasers.com
[11/19/2017 14:54:20] yolo registered (UNCONFIRMED) with alex@vestfris.dk
[11/19/2017 15:21:41] Diko confirmed aymenborgi007@gmail.com
[11/19/2017 15:27:39] coldsauce registered (UNCONFIRMED) with stefan@stefanaleksic.com
[11/19/2017 15:28:07] coldsauce confirmed stefan@stefanaleksic.com
[11/19/2017 15:37:02] xsam registered (UNCONFIRMED) with chouaibhammami0@gmail.com
[11/19/2017 15:37:38] xsam confirmed chouaibhammami0@gmail.com
[11/19/2017 16:16:24] BatmansKitchen registered (UNCONFIRMED) with ctfnet@cs.washington.edu
[11/19/2017 16:20:58] HackingFromSpace registered (UNCONFIRMED) with hackingfromspace@gmail.com
[11/19/2017 16:26:01] dad confirmed ljm3103@rit.edu
[11/19/2017 16:29:57] Dan salad confirmed ianbgilbert@gmail.com
[11/19/2017 16:36:13] Epic Leet Team registered (UNCONFIRMED) with g3ol4d0@gmail.com
[11/19/2017 16:36:45] Epic Leet Team confirmed g3ol4d0@gmail.com
[11/19/2017 16:47:07] Beaware confirmed tt456fire@gmail.com
[11/19/2017 17:07:31] bazumo registered (UNCONFIRMED) with moritz30@gmail.com
[11/19/2017 17:13:12] doshch registered (UNCONFIRMED) with igor.segodnya@gmail.com
[11/19/2017 18:06:37] M57 registered (UNCONFIRMED) with trsxw8@mst.edu
[11/19/2017 18:46:22] HDC registered (UNCONFIRMED) with secundariaHDC@gmail.com
[11/19/2017 18:48:32] badrabbit313 confirmed blackskull.group@gmail.com
[11/19/2017 19:03:24] cj registered (UNCONFIRMED) with clj1319@gmail.com
[11/19/2017 19:29:23] NULL confirmed staff@null-life.com
[11/19/2017 19:44:57] simpleandhappy registered (UNCONFIRMED) with rr2600@nyu.edu
[11/19/2017 19:45:13] simpleandhappy confirmed rr2600@nyu.edu
[11/19/2017 20:00:37] go_for_it_gg registered (UNCONFIRMED) with 2682996695@qq.com
[11/19/2017 20:01:55] go_for_it_gg confirmed 2682996695@qq.com
[11/19/2017 20:02:14] go_for_it_gg confirmed 2682996695@qq.com
[11/19/2017 20:11:31] go_for_it_gg confirmed 2682996695@qq.com
[11/19/2017 20:25:32] ReUTD registered (UNCONFIRMED) with tuatnh@reutd.org
[11/19/2017 20:39:42] JustAnotherUsername confirmed usingforstuff321@gmail.com
[11/19/2017 20:56:05] Charo registered (UNCONFIRMED) with charo.ctf@gmail.com
[11/19/2017 20:56:17] Charo confirmed charo.ctf@gmail.com
[11/19/2017 21:38:58] alexander registered (UNCONFIRMED) with alexander.s.p@mail.ru
